<?xml version="1.0" encoding="UTF-8"?>
<testsuite name="ru.webfluxExample.ds.template.selector.service.SdsWebServiceTest" tests="8" skipped="0" failures="0" errors="0" timestamp="2021-01-14T11:14:46" hostname="CAB-WSM-0010709" time="0.122">
  <properties/>
  <testcase name="shouldSuccessfullyCreateReportWithTemplate()" classname="ru.webfluxExample.ds.template.selector.service.SdsWebServiceTest" time="0.062"/>
  <testcase name="shouldFailGetProjectNodesInfo()" classname="ru.webfluxExample.ds.template.selector.service.SdsWebServiceTest" time="0.006"/>
  <testcase name="shouldSuccessfullySaveProjectFromTemplate()" classname="ru.webfluxExample.ds.template.selector.service.SdsWebServiceTest" time="0.016"/>
  <testcase name="shouldSuccessfullyGetJsonReport()" classname="ru.webfluxExample.ds.template.selector.service.SdsWebServiceTest" time="0.006"/>
  <testcase name="shouldSuccessfullyGetProjectNodesInfo()" classname="ru.webfluxExample.ds.template.selector.service.SdsWebServiceTest" time="0.007"/>
  <testcase name="shouldSuccessfullyExecuteStartProjectRequest()" classname="ru.webfluxExample.ds.template.selector.service.SdsWebServiceTest" time="0.01"/>
  <testcase name="shouldFailWithInternalServerError()" classname="ru.webfluxExample.ds.template.selector.service.SdsWebServiceTest" time="0.007"/>
  <testcase name="shouldFailOnStartProjectRequest()" classname="ru.webfluxExample.ds.template.selector.service.SdsWebServiceTest" time="0.006"/>
  <system-out><![CDATA[14:14:46.320 [Test worker] DEBUG org.springframework.web.reactive.function.client.ExchangeFunctions - [378fe73e] HTTP POST http://localhost:7155
14:14:46.320 [Test worker] DEBUG reactor.netty.resources.PooledConnectionProvider - Creating a new client pool [PoolFactory {maxConnections=500, pendingAcquireMaxCount=-1, pendingAcquireTimeout=45000, maxIdleTime=-1, maxLifeTime=-1, metricsEnabled=false}] for [localhost:7155]
14:14:46.321 [reactor-http-nio-2] DEBUG reactor.netty.resources.PooledConnectionProvider - [id: 0xfc12dfc1] Created a new pooled channel, now 1 active connections and 0 inactive connections
14:14:46.322 [reactor-http-nio-2] DEBUG reactor.netty.channel.BootstrapHandlers - [id: 0xfc12dfc1] Initialized pipeline DefaultChannelPipeline{(BootstrapHandlers$BootstrapInitializerHandler#0 = reactor.netty.channel.BootstrapHandlers$BootstrapInitializerHandler), (PooledConnectionProvider$PooledConnectionAllocator$PooledConnectionInitializer#0 = reactor.netty.resources.PooledConnectionProvider$PooledConnectionAllocator$PooledConnectionInitializer), (reactor.left.httpCodec = io.netty.handler.codec.http.HttpClientCodec), (reactor.right.reactiveBridge = reactor.netty.channel.ChannelOperationsHandler)}
14:14:46.323 [reactor-http-nio-2] DEBUG reactor.netty.resources.PooledConnectionProvider - [id: 0xfc12dfc1, L:/127.0.0.1:54809 - R:localhost/127.0.0.1:7155] Registering pool release on close event for channel
14:14:46.324 [reactor-http-nio-2] DEBUG reactor.netty.resources.PooledConnectionProvider - [id: 0xfc12dfc1, L:/127.0.0.1:54809 - R:localhost/127.0.0.1:7155] Channel connected, now 1 active connections and 0 inactive connections
14:14:46.324 [reactor-http-nio-2] DEBUG reactor.netty.resources.PooledConnectionProvider - [id: 0xfc12dfc1, L:/127.0.0.1:54809 - R:localhost/127.0.0.1:7155] onStateChange(PooledConnection{channel=[id: 0xfc12dfc1, L:/127.0.0.1:54809 - R:localhost/127.0.0.1:7155]}, [connected])
14:14:46.324 [reactor-http-nio-2] DEBUG reactor.netty.resources.PooledConnectionProvider - [id: 0xfc12dfc1, L:/127.0.0.1:54809 - R:localhost/127.0.0.1:7155] onStateChange(GET{uri=/, connection=PooledConnection{channel=[id: 0xfc12dfc1, L:/127.0.0.1:54809 - R:localhost/127.0.0.1:7155]}}, [configured])
14:14:46.324 [reactor-http-nio-2] DEBUG reactor.netty.http.client.HttpClientConnect - [id: 0xfc12dfc1, L:/127.0.0.1:54809 - R:localhost/127.0.0.1:7155] Handler is being applied: {uri=http://localhost:7155/, method=POST}
14:14:46.325 [reactor-http-nio-2] DEBUG reactor.netty.resources.PooledConnectionProvider - [id: 0xfc12dfc1, L:/127.0.0.1:54809 - R:localhost/127.0.0.1:7155] onStateChange(POST{uri=/, connection=PooledConnection{channel=[id: 0xfc12dfc1, L:/127.0.0.1:54809 - R:localhost/127.0.0.1:7155]}}, [request_prepared])
14:14:46.351 [reactor-http-nio-2] DEBUG org.springframework.http.codec.json.Jackson2JsonEncoder - [378fe73e] Encoding [CreateReportRequest(rootProjectId=60414205-f722-4442-b72f-041d514f27f7, createdBy=psi_test1)]
14:14:46.369 [reactor-http-nio-2] DEBUG reactor.netty.resources.PooledConnectionProvider - [id: 0xfc12dfc1, L:/127.0.0.1:54809 - R:localhost/127.0.0.1:7155] onStateChange(POST{uri=/, connection=PooledConnection{channel=[id: 0xfc12dfc1, L:/127.0.0.1:54809 - R:localhost/127.0.0.1:7155]}}, [request_sent])
14:14:46.370 [reactor-http-nio-2] DEBUG reactor.netty.http.client.HttpClientOperations - [id: 0xfc12dfc1, L:/127.0.0.1:54809 - R:localhost/127.0.0.1:7155] Received response (auto-read:false) : [Content-Length=336, Content-Type=application/json]
14:14:46.370 [reactor-http-nio-2] DEBUG reactor.netty.resources.PooledConnectionProvider - [id: 0xfc12dfc1, L:/127.0.0.1:54809 - R:localhost/127.0.0.1:7155] onStateChange(POST{uri=/, connection=PooledConnection{channel=[id: 0xfc12dfc1, L:/127.0.0.1:54809 - R:localhost/127.0.0.1:7155]}}, [response_received])
14:14:46.371 [reactor-http-nio-2] DEBUG org.springframework.web.reactive.function.client.ExchangeFunctions - [378fe73e] Response 200 OK
14:14:46.371 [reactor-http-nio-2] DEBUG reactor.netty.channel.FluxReceive - [id: 0xfc12dfc1, L:/127.0.0.1:54809 - R:localhost/127.0.0.1:7155] FluxReceive{pending=0, cancelled=false, inboundDone=false, inboundError=null}: subscribing inbound receiver
14:14:46.372 [reactor-http-nio-2] DEBUG reactor.netty.http.client.HttpClientOperations - [id: 0xfc12dfc1, L:/127.0.0.1:54809 - R:localhost/127.0.0.1:7155] Received last HTTP packet
14:14:46.378 [reactor-http-nio-2] DEBUG org.springframework.http.codec.json.Jackson2JsonDecoder - [378fe73e] Decoded [{"id":"60414205-f722-4442-b72f-041d514f27f7","name":"report","description":"text","rootProjectId":"7 (truncated)...]
14:14:46.378 [reactor-http-nio-2] DEBUG reactor.netty.resources.PooledConnectionProvider - [id: 0xfc12dfc1, L:/127.0.0.1:54809 - R:localhost/127.0.0.1:7155] onStateChange(POST{uri=/, connection=PooledConnection{channel=[id: 0xfc12dfc1, L:/127.0.0.1:54809 - R:localhost/127.0.0.1:7155]}}, [response_completed])
14:14:46.378 [reactor-http-nio-2] DEBUG reactor.netty.resources.PooledConnectionProvider - [id: 0xfc12dfc1, L:/127.0.0.1:54809 - R:localhost/127.0.0.1:7155] onStateChange(POST{uri=/, connection=PooledConnection{channel=[id: 0xfc12dfc1, L:/127.0.0.1:54809 - R:localhost/127.0.0.1:7155]}}, [disconnecting])
14:14:46.378 [reactor-http-nio-2] DEBUG reactor.netty.resources.PooledConnectionProvider - [id: 0xfc12dfc1, L:/127.0.0.1:54809 - R:localhost/127.0.0.1:7155] Releasing channel
14:14:46.378 [reactor-http-nio-2] DEBUG reactor.netty.resources.PooledConnectionProvider - [id: 0xfc12dfc1, L:/127.0.0.1:54809 - R:localhost/127.0.0.1:7155] Channel cleaned, now 0 active connections and 1 inactive connections
14:14:46.380 [Test worker] DEBUG org.springframework.web.reactive.function.client.ExchangeFunctions - [29965d5d] HTTP GET http://localhost:7155/00000000-0000-0000-0000-000000000001/node
14:14:46.380 [reactor-http-nio-2] DEBUG reactor.netty.resources.PooledConnectionProvider - [id: 0xfc12dfc1, L:/127.0.0.1:54809 - R:localhost/127.0.0.1:7155] Channel acquired, now 1 active connections and 0 inactive connections
14:14:46.380 [reactor-http-nio-2] DEBUG reactor.netty.http.client.HttpClientConnect - [id: 0xfc12dfc1, L:/127.0.0.1:54809 - R:localhost/127.0.0.1:7155] Handler is being applied: {uri=http://localhost:7155/00000000-0000-0000-0000-000000000001/node, method=GET}
14:14:46.381 [reactor-http-nio-2] DEBUG reactor.netty.resources.PooledConnectionProvider - [id: 0xfc12dfc1, L:/127.0.0.1:54809 - R:localhost/127.0.0.1:7155] onStateChange(GET{uri=/00000000-0000-0000-0000-000000000001/node, connection=PooledConnection{channel=[id: 0xfc12dfc1, L:/127.0.0.1:54809 - R:localhost/127.0.0.1:7155]}}, [request_prepared])
14:14:46.382 [reactor-http-nio-2] DEBUG reactor.netty.resources.PooledConnectionProvider - [id: 0xfc12dfc1, L:/127.0.0.1:54809 - R:localhost/127.0.0.1:7155] onStateChange(GET{uri=/00000000-0000-0000-0000-000000000001/node, connection=PooledConnection{channel=[id: 0xfc12dfc1, L:/127.0.0.1:54809 - R:localhost/127.0.0.1:7155]}}, [request_sent])
14:14:46.383 [reactor-http-nio-2] DEBUG reactor.netty.http.client.HttpClientOperations - [id: 0xfc12dfc1, L:/127.0.0.1:54809 - R:localhost/127.0.0.1:7155] Received response (auto-read:false) : [Content-Length=10]
14:14:46.383 [reactor-http-nio-2] DEBUG reactor.netty.resources.PooledConnectionProvider - [id: 0xfc12dfc1, L:/127.0.0.1:54809 - R:localhost/127.0.0.1:7155] onStateChange(GET{uri=/00000000-0000-0000-0000-000000000001/node, connection=PooledConnection{channel=[id: 0xfc12dfc1, L:/127.0.0.1:54809 - R:localhost/127.0.0.1:7155]}}, [response_received])
14:14:46.383 [reactor-http-nio-2] DEBUG org.springframework.web.reactive.function.client.ExchangeFunctions - [29965d5d] Response 500 INTERNAL_SERVER_ERROR
14:14:46.384 [reactor-http-nio-2] DEBUG reactor.netty.channel.FluxReceive - [id: 0xfc12dfc1, L:/127.0.0.1:54809 - R:localhost/127.0.0.1:7155] FluxReceive{pending=0, cancelled=false, inboundDone=false, inboundError=null}: subscribing inbound receiver
14:14:46.384 [reactor-http-nio-2] DEBUG reactor.netty.http.client.HttpClientOperations - [id: 0xfc12dfc1, L:/127.0.0.1:54809 - R:localhost/127.0.0.1:7155] Received last HTTP packet
14:14:46.384 [reactor-http-nio-2] DEBUG org.springframework.core.codec.StringDecoder - [29965d5d] Decoded "error body"
14:14:46.384 [reactor-http-nio-2] DEBUG reactor.netty.resources.PooledConnectionProvider - [id: 0xfc12dfc1, L:/127.0.0.1:54809 - R:localhost/127.0.0.1:7155] onStateChange(GET{uri=/00000000-0000-0000-0000-000000000001/node, connection=PooledConnection{channel=[id: 0xfc12dfc1, L:/127.0.0.1:54809 - R:localhost/127.0.0.1:7155]}}, [response_completed])
14:14:46.385 [reactor-http-nio-2] DEBUG reactor.netty.resources.PooledConnectionProvider - [id: 0xfc12dfc1, L:/127.0.0.1:54809 - R:localhost/127.0.0.1:7155] onStateChange(GET{uri=/00000000-0000-0000-0000-000000000001/node, connection=PooledConnection{channel=[id: 0xfc12dfc1, L:/127.0.0.1:54809 - R:localhost/127.0.0.1:7155]}}, [disconnecting])
14:14:46.385 [reactor-http-nio-2] DEBUG reactor.netty.resources.PooledConnectionProvider - [id: 0xfc12dfc1, L:/127.0.0.1:54809 - R:localhost/127.0.0.1:7155] Releasing channel
14:14:46.385 [reactor-http-nio-2] DEBUG reactor.netty.resources.PooledConnectionProvider - [id: 0xfc12dfc1, L:/127.0.0.1:54809 - R:localhost/127.0.0.1:7155] Channel cleaned, now 0 active connections and 1 inactive connections
14:14:46.387 [Test worker] DEBUG org.springframework.web.reactive.function.client.ExchangeFunctions - [7bbbe410] HTTP POST http://localhost:7155?userGroupId=00000000-0000-0000-0000-000000000002
14:14:46.387 [reactor-http-nio-2] DEBUG reactor.netty.resources.PooledConnectionProvider - [id: 0xfc12dfc1, L:/127.0.0.1:54809 - R:localhost/127.0.0.1:7155] Channel acquired, now 1 active connections and 0 inactive connections
14:14:46.387 [reactor-http-nio-2] DEBUG reactor.netty.http.client.HttpClientConnect - [id: 0xfc12dfc1, L:/127.0.0.1:54809 - R:localhost/127.0.0.1:7155] Handler is being applied: {uri=http://localhost:7155/?userGroupId=00000000-0000-0000-0000-000000000002, method=POST}
14:14:46.388 [reactor-http-nio-2] DEBUG reactor.netty.resources.PooledConnectionProvider - [id: 0xfc12dfc1, L:/127.0.0.1:54809 - R:localhost/127.0.0.1:7155] onStateChange(POST{uri=/?userGroupId=00000000-0000-0000-0000-000000000002, connection=PooledConnection{channel=[id: 0xfc12dfc1, L:/127.0.0.1:54809 - R:localhost/127.0.0.1:7155]}}, [request_prepared])
14:14:46.389 [reactor-http-nio-2] DEBUG org.springframework.http.codec.json.Jackson2JsonEncoder - [7bbbe410] Encoding [ProjectDto(name=Target project, description=, sourceId=d87640f1-35b5-4af2-8667-ce515236862e, readOnl (truncated)...]
14:14:46.391 [reactor-http-nio-2] DEBUG reactor.netty.resources.PooledConnectionProvider - [id: 0xfc12dfc1, L:/127.0.0.1:54809 - R:localhost/127.0.0.1:7155] onStateChange(POST{uri=/?userGroupId=00000000-0000-0000-0000-000000000002, connection=PooledConnection{channel=[id: 0xfc12dfc1, L:/127.0.0.1:54809 - R:localhost/127.0.0.1:7155]}}, [request_sent])
14:14:46.392 [reactor-http-nio-2] DEBUG reactor.netty.http.client.HttpClientOperations - [id: 0xfc12dfc1, L:/127.0.0.1:54809 - R:localhost/127.0.0.1:7155] Received response (auto-read:false) : [Content-Length=3153, Content-Type=application/json]
14:14:46.392 [reactor-http-nio-2] DEBUG reactor.netty.resources.PooledConnectionProvider - [id: 0xfc12dfc1, L:/127.0.0.1:54809 - R:localhost/127.0.0.1:7155] onStateChange(POST{uri=/?userGroupId=00000000-0000-0000-0000-000000000002, connection=PooledConnection{channel=[id: 0xfc12dfc1, L:/127.0.0.1:54809 - R:localhost/127.0.0.1:7155]}}, [response_received])
14:14:46.392 [reactor-http-nio-2] DEBUG org.springframework.web.reactive.function.client.ExchangeFunctions - [7bbbe410] Response 200 OK
14:14:46.393 [reactor-http-nio-2] DEBUG reactor.netty.channel.FluxReceive - [id: 0xfc12dfc1, L:/127.0.0.1:54809 - R:localhost/127.0.0.1:7155] FluxReceive{pending=0, cancelled=false, inboundDone=false, inboundError=null}: subscribing inbound receiver
14:14:46.393 [reactor-http-nio-2] DEBUG reactor.netty.http.client.HttpClientOperations - [id: 0xfc12dfc1, L:/127.0.0.1:54809 - R:localhost/127.0.0.1:7155] Received last HTTP packet
14:14:46.401 [reactor-http-nio-2] DEBUG org.springframework.http.codec.json.Jackson2JsonDecoder - [7bbbe410] Decoded [{"id":"d87640f1-35b5-4af2-8667-ce515236862e","name":"Test","description":"saved as...","creationDate (truncated)...]
14:14:46.401 [reactor-http-nio-2] DEBUG reactor.netty.resources.PooledConnectionProvider - [id: 0xfc12dfc1, L:/127.0.0.1:54809 - R:localhost/127.0.0.1:7155] onStateChange(POST{uri=/?userGroupId=00000000-0000-0000-0000-000000000002, connection=PooledConnection{channel=[id: 0xfc12dfc1, L:/127.0.0.1:54809 - R:localhost/127.0.0.1:7155]}}, [response_completed])
14:14:46.401 [reactor-http-nio-2] DEBUG reactor.netty.resources.PooledConnectionProvider - [id: 0xfc12dfc1, L:/127.0.0.1:54809 - R:localhost/127.0.0.1:7155] onStateChange(POST{uri=/?userGroupId=00000000-0000-0000-0000-000000000002, connection=PooledConnection{channel=[id: 0xfc12dfc1, L:/127.0.0.1:54809 - R:localhost/127.0.0.1:7155]}}, [disconnecting])
14:14:46.401 [reactor-http-nio-2] DEBUG reactor.netty.resources.PooledConnectionProvider - [id: 0xfc12dfc1, L:/127.0.0.1:54809 - R:localhost/127.0.0.1:7155] Releasing channel
14:14:46.401 [reactor-http-nio-2] DEBUG reactor.netty.resources.PooledConnectionProvider - [id: 0xfc12dfc1, L:/127.0.0.1:54809 - R:localhost/127.0.0.1:7155] Channel cleaned, now 0 active connections and 1 inactive connections
14:14:46.403 [Test worker] DEBUG org.springframework.web.reactive.function.client.ExchangeFunctions - [193fc077] HTTP GET http://localhost:7155/ef19829f-2e92-46fe-9bb8-0a580464ed62/file
14:14:46.404 [reactor-http-nio-2] DEBUG reactor.netty.resources.PooledConnectionProvider - [id: 0xfc12dfc1, L:/127.0.0.1:54809 - R:localhost/127.0.0.1:7155] Channel acquired, now 1 active connections and 0 inactive connections
14:14:46.404 [reactor-http-nio-2] DEBUG reactor.netty.http.client.HttpClientConnect - [id: 0xfc12dfc1, L:/127.0.0.1:54809 - R:localhost/127.0.0.1:7155] Handler is being applied: {uri=http://localhost:7155/ef19829f-2e92-46fe-9bb8-0a580464ed62/file, method=GET}
14:14:46.404 [reactor-http-nio-2] DEBUG reactor.netty.resources.PooledConnectionProvider - [id: 0xfc12dfc1, L:/127.0.0.1:54809 - R:localhost/127.0.0.1:7155] onStateChange(GET{uri=/ef19829f-2e92-46fe-9bb8-0a580464ed62/file, connection=PooledConnection{channel=[id: 0xfc12dfc1, L:/127.0.0.1:54809 - R:localhost/127.0.0.1:7155]}}, [request_prepared])
14:14:46.405 [reactor-http-nio-2] DEBUG reactor.netty.resources.PooledConnectionProvider - [id: 0xfc12dfc1, L:/127.0.0.1:54809 - R:localhost/127.0.0.1:7155] onStateChange(GET{uri=/ef19829f-2e92-46fe-9bb8-0a580464ed62/file, connection=PooledConnection{channel=[id: 0xfc12dfc1, L:/127.0.0.1:54809 - R:localhost/127.0.0.1:7155]}}, [request_sent])
14:14:46.406 [reactor-http-nio-2] DEBUG reactor.netty.http.client.HttpClientOperations - [id: 0xfc12dfc1, L:/127.0.0.1:54809 - R:localhost/127.0.0.1:7155] Received response (auto-read:false) : [Content-Length=3310, Content-Type=application/json]
14:14:46.406 [reactor-http-nio-2] DEBUG reactor.netty.resources.PooledConnectionProvider - [id: 0xfc12dfc1, L:/127.0.0.1:54809 - R:localhost/127.0.0.1:7155] onStateChange(GET{uri=/ef19829f-2e92-46fe-9bb8-0a580464ed62/file, connection=PooledConnection{channel=[id: 0xfc12dfc1, L:/127.0.0.1:54809 - R:localhost/127.0.0.1:7155]}}, [response_received])
14:14:46.407 [reactor-http-nio-2] DEBUG org.springframework.web.reactive.function.client.ExchangeFunctions - [193fc077] Response 200 OK
14:14:46.407 [reactor-http-nio-2] DEBUG reactor.netty.channel.FluxReceive - [id: 0xfc12dfc1, L:/127.0.0.1:54809 - R:localhost/127.0.0.1:7155] FluxReceive{pending=0, cancelled=false, inboundDone=false, inboundError=null}: subscribing inbound receiver
14:14:46.407 [reactor-http-nio-2] DEBUG reactor.netty.http.client.HttpClientOperations - [id: 0xfc12dfc1, L:/127.0.0.1:54809 - R:localhost/127.0.0.1:7155] Received last HTTP packet
14:14:46.408 [reactor-http-nio-2] DEBUG org.springframework.core.codec.StringDecoder - [193fc077] Decoded "{
  "id": "24f767db-ae8c-4d31-bc8a-5316aa720633",
  "name": "testReport",
  "description": "testRep (truncated)...
14:14:46.408 [reactor-http-nio-2] DEBUG reactor.netty.resources.PooledConnectionProvider - [id: 0xfc12dfc1, L:/127.0.0.1:54809 - R:localhost/127.0.0.1:7155] onStateChange(GET{uri=/ef19829f-2e92-46fe-9bb8-0a580464ed62/file, connection=PooledConnection{channel=[id: 0xfc12dfc1, L:/127.0.0.1:54809 - R:localhost/127.0.0.1:7155]}}, [response_completed])
14:14:46.408 [reactor-http-nio-2] DEBUG reactor.netty.resources.PooledConnectionProvider - [id: 0xfc12dfc1, L:/127.0.0.1:54809 - R:localhost/127.0.0.1:7155] onStateChange(GET{uri=/ef19829f-2e92-46fe-9bb8-0a580464ed62/file, connection=PooledConnection{channel=[id: 0xfc12dfc1, L:/127.0.0.1:54809 - R:localhost/127.0.0.1:7155]}}, [disconnecting])
14:14:46.408 [reactor-http-nio-2] DEBUG reactor.netty.resources.PooledConnectionProvider - [id: 0xfc12dfc1, L:/127.0.0.1:54809 - R:localhost/127.0.0.1:7155] Releasing channel
14:14:46.408 [reactor-http-nio-2] DEBUG reactor.netty.resources.PooledConnectionProvider - [id: 0xfc12dfc1, L:/127.0.0.1:54809 - R:localhost/127.0.0.1:7155] Channel cleaned, now 0 active connections and 1 inactive connections
14:14:46.411 [Test worker] DEBUG org.springframework.web.reactive.function.client.ExchangeFunctions - [578b78f] HTTP GET http://localhost:7155/00000000-0000-0000-0000-000000000001/node
14:14:46.412 [reactor-http-nio-2] DEBUG reactor.netty.resources.PooledConnectionProvider - [id: 0xfc12dfc1, L:/127.0.0.1:54809 - R:localhost/127.0.0.1:7155] Channel acquired, now 1 active connections and 0 inactive connections
14:14:46.412 [reactor-http-nio-2] DEBUG reactor.netty.http.client.HttpClientConnect - [id: 0xfc12dfc1, L:/127.0.0.1:54809 - R:localhost/127.0.0.1:7155] Handler is being applied: {uri=http://localhost:7155/00000000-0000-0000-0000-000000000001/node, method=GET}
14:14:46.412 [reactor-http-nio-2] DEBUG reactor.netty.resources.PooledConnectionProvider - [id: 0xfc12dfc1, L:/127.0.0.1:54809 - R:localhost/127.0.0.1:7155] onStateChange(GET{uri=/00000000-0000-0000-0000-000000000001/node, connection=PooledConnection{channel=[id: 0xfc12dfc1, L:/127.0.0.1:54809 - R:localhost/127.0.0.1:7155]}}, [request_prepared])
14:14:46.413 [reactor-http-nio-2] DEBUG reactor.netty.resources.PooledConnectionProvider - [id: 0xfc12dfc1, L:/127.0.0.1:54809 - R:localhost/127.0.0.1:7155] onStateChange(GET{uri=/00000000-0000-0000-0000-000000000001/node, connection=PooledConnection{channel=[id: 0xfc12dfc1, L:/127.0.0.1:54809 - R:localhost/127.0.0.1:7155]}}, [request_sent])
14:14:46.414 [reactor-http-nio-2] DEBUG reactor.netty.http.client.HttpClientOperations - [id: 0xfc12dfc1, L:/127.0.0.1:54809 - R:localhost/127.0.0.1:7155] Received response (auto-read:false) : [Content-Length=368, Content-Type=application/json]
14:14:46.414 [reactor-http-nio-2] DEBUG reactor.netty.resources.PooledConnectionProvider - [id: 0xfc12dfc1, L:/127.0.0.1:54809 - R:localhost/127.0.0.1:7155] onStateChange(GET{uri=/00000000-0000-0000-0000-000000000001/node, connection=PooledConnection{channel=[id: 0xfc12dfc1, L:/127.0.0.1:54809 - R:localhost/127.0.0.1:7155]}}, [response_received])
14:14:46.414 [reactor-http-nio-2] DEBUG org.springframework.web.reactive.function.client.ExchangeFunctions - [578b78f] Response 200 OK
14:14:46.415 [reactor-http-nio-2] DEBUG reactor.netty.channel.FluxReceive - [id: 0xfc12dfc1, L:/127.0.0.1:54809 - R:localhost/127.0.0.1:7155] FluxReceive{pending=0, cancelled=false, inboundDone=false, inboundError=null}: subscribing inbound receiver
14:14:46.415 [reactor-http-nio-2] DEBUG reactor.netty.http.client.HttpClientOperations - [id: 0xfc12dfc1, L:/127.0.0.1:54809 - R:localhost/127.0.0.1:7155] Received last HTTP packet
14:14:46.415 [reactor-http-nio-2] DEBUG org.springframework.http.codec.json.Jackson2JsonDecoder - [578b78f] Decoded [[{"executionId":"string","id":"string","locked":true,"metaOutputJson":{"ports":[{"name":"string","ou (truncated)...]
14:14:46.416 [reactor-http-nio-2] DEBUG reactor.netty.resources.PooledConnectionProvider - [id: 0xfc12dfc1, L:/127.0.0.1:54809 - R:localhost/127.0.0.1:7155] onStateChange(GET{uri=/00000000-0000-0000-0000-000000000001/node, connection=PooledConnection{channel=[id: 0xfc12dfc1, L:/127.0.0.1:54809 - R:localhost/127.0.0.1:7155]}}, [response_completed])
14:14:46.416 [reactor-http-nio-2] DEBUG reactor.netty.resources.PooledConnectionProvider - [id: 0xfc12dfc1, L:/127.0.0.1:54809 - R:localhost/127.0.0.1:7155] onStateChange(GET{uri=/00000000-0000-0000-0000-000000000001/node, connection=PooledConnection{channel=[id: 0xfc12dfc1, L:/127.0.0.1:54809 - R:localhost/127.0.0.1:7155]}}, [disconnecting])
14:14:46.416 [reactor-http-nio-2] DEBUG reactor.netty.resources.PooledConnectionProvider - [id: 0xfc12dfc1, L:/127.0.0.1:54809 - R:localhost/127.0.0.1:7155] Releasing channel
14:14:46.416 [reactor-http-nio-2] DEBUG reactor.netty.resources.PooledConnectionProvider - [id: 0xfc12dfc1, L:/127.0.0.1:54809 - R:localhost/127.0.0.1:7155] Channel cleaned, now 0 active connections and 1 inactive connections
14:14:46.419 [Test worker] DEBUG org.springframework.web.reactive.function.client.ExchangeFunctions - [2531ba7f] HTTP GET http://localhost:7155/00000000-0000-0000-0000-000000000001
14:14:46.420 [reactor-http-nio-2] DEBUG reactor.netty.resources.PooledConnectionProvider - [id: 0xfc12dfc1, L:/127.0.0.1:54809 - R:localhost/127.0.0.1:7155] Channel acquired, now 1 active connections and 0 inactive connections
14:14:46.420 [reactor-http-nio-2] DEBUG reactor.netty.http.client.HttpClientConnect - [id: 0xfc12dfc1, L:/127.0.0.1:54809 - R:localhost/127.0.0.1:7155] Handler is being applied: {uri=http://localhost:7155/00000000-0000-0000-0000-000000000001, method=GET}
14:14:46.420 [reactor-http-nio-2] DEBUG reactor.netty.resources.PooledConnectionProvider - [id: 0xfc12dfc1, L:/127.0.0.1:54809 - R:localhost/127.0.0.1:7155] onStateChange(GET{uri=/00000000-0000-0000-0000-000000000001, connection=PooledConnection{channel=[id: 0xfc12dfc1, L:/127.0.0.1:54809 - R:localhost/127.0.0.1:7155]}}, [request_prepared])
14:14:46.421 [reactor-http-nio-2] DEBUG reactor.netty.resources.PooledConnectionProvider - [id: 0xfc12dfc1, L:/127.0.0.1:54809 - R:localhost/127.0.0.1:7155] onStateChange(GET{uri=/00000000-0000-0000-0000-000000000001, connection=PooledConnection{channel=[id: 0xfc12dfc1, L:/127.0.0.1:54809 - R:localhost/127.0.0.1:7155]}}, [request_sent])
14:14:46.422 [reactor-http-nio-2] DEBUG reactor.netty.http.client.HttpClientOperations - [id: 0xfc12dfc1, L:/127.0.0.1:54809 - R:localhost/127.0.0.1:7155] Received response (auto-read:false) : [Content-Length=14, Content-Type=application/json]
14:14:46.422 [reactor-http-nio-2] DEBUG reactor.netty.resources.PooledConnectionProvider - [id: 0xfc12dfc1, L:/127.0.0.1:54809 - R:localhost/127.0.0.1:7155] onStateChange(GET{uri=/00000000-0000-0000-0000-000000000001, connection=PooledConnection{channel=[id: 0xfc12dfc1, L:/127.0.0.1:54809 - R:localhost/127.0.0.1:7155]}}, [response_received])
14:14:46.423 [reactor-http-nio-2] DEBUG org.springframework.web.reactive.function.client.ExchangeFunctions - [2531ba7f] Response 200 OK
14:14:46.425 [reactor-http-nio-2] DEBUG reactor.netty.channel.FluxReceive - [id: 0xfc12dfc1, L:/127.0.0.1:54809 - R:localhost/127.0.0.1:7155] FluxReceive{pending=0, cancelled=false, inboundDone=false, inboundError=null}: subscribing inbound receiver
14:14:46.425 [reactor-http-nio-2] DEBUG reactor.netty.http.client.HttpClientOperations - [id: 0xfc12dfc1, L:/127.0.0.1:54809 - R:localhost/127.0.0.1:7155] Received last HTTP packet
14:14:46.425 [reactor-http-nio-2] DEBUG org.springframework.core.codec.StringDecoder - [2531ba7f] Decoded "<200 OK OK,[]>"
14:14:46.425 [reactor-http-nio-2] DEBUG reactor.netty.resources.PooledConnectionProvider - [id: 0xfc12dfc1, L:/127.0.0.1:54809 - R:localhost/127.0.0.1:7155] onStateChange(GET{uri=/00000000-0000-0000-0000-000000000001, connection=PooledConnection{channel=[id: 0xfc12dfc1, L:/127.0.0.1:54809 - R:localhost/127.0.0.1:7155]}}, [response_completed])
14:14:46.426 [reactor-http-nio-2] DEBUG reactor.netty.resources.PooledConnectionProvider - [id: 0xfc12dfc1, L:/127.0.0.1:54809 - R:localhost/127.0.0.1:7155] onStateChange(GET{uri=/00000000-0000-0000-0000-000000000001, connection=PooledConnection{channel=[id: 0xfc12dfc1, L:/127.0.0.1:54809 - R:localhost/127.0.0.1:7155]}}, [disconnecting])
14:14:46.426 [reactor-http-nio-2] DEBUG reactor.netty.resources.PooledConnectionProvider - [id: 0xfc12dfc1, L:/127.0.0.1:54809 - R:localhost/127.0.0.1:7155] Releasing channel
14:14:46.426 [reactor-http-nio-2] DEBUG reactor.netty.resources.PooledConnectionProvider - [id: 0xfc12dfc1, L:/127.0.0.1:54809 - R:localhost/127.0.0.1:7155] Channel cleaned, now 0 active connections and 1 inactive connections
14:14:46.427 [Test worker] DEBUG org.springframework.web.reactive.function.client.ExchangeFunctions - [15b12b81] HTTP POST http://localhost:7155?userGroupId=00000000-0000-0000-0000-000000000002
14:14:46.427 [reactor-http-nio-2] DEBUG reactor.netty.resources.PooledConnectionProvider - [id: 0xfc12dfc1, L:/127.0.0.1:54809 - R:localhost/127.0.0.1:7155] Channel acquired, now 1 active connections and 0 inactive connections
14:14:46.428 [reactor-http-nio-2] DEBUG reactor.netty.http.client.HttpClientConnect - [id: 0xfc12dfc1, L:/127.0.0.1:54809 - R:localhost/127.0.0.1:7155] Handler is being applied: {uri=http://localhost:7155/?userGroupId=00000000-0000-0000-0000-000000000002, method=POST}
14:14:46.428 [reactor-http-nio-2] DEBUG reactor.netty.resources.PooledConnectionProvider - [id: 0xfc12dfc1, L:/127.0.0.1:54809 - R:localhost/127.0.0.1:7155] onStateChange(POST{uri=/?userGroupId=00000000-0000-0000-0000-000000000002, connection=PooledConnection{channel=[id: 0xfc12dfc1, L:/127.0.0.1:54809 - R:localhost/127.0.0.1:7155]}}, [request_prepared])
14:14:46.428 [reactor-http-nio-2] DEBUG org.springframework.http.codec.json.Jackson2JsonEncoder - [15b12b81] Encoding [ProjectDto(name=Target project, description=, sourceId=e8aa7b5e-1f8a-4f8d-8f79-7d45563160a1, readOnl (truncated)...]
14:14:46.429 [reactor-http-nio-2] DEBUG reactor.netty.resources.PooledConnectionProvider - [id: 0xfc12dfc1, L:/127.0.0.1:54809 - R:localhost/127.0.0.1:7155] onStateChange(POST{uri=/?userGroupId=00000000-0000-0000-0000-000000000002, connection=PooledConnection{channel=[id: 0xfc12dfc1, L:/127.0.0.1:54809 - R:localhost/127.0.0.1:7155]}}, [request_sent])
14:14:46.430 [reactor-http-nio-2] DEBUG reactor.netty.http.client.HttpClientOperations - [id: 0xfc12dfc1, L:/127.0.0.1:54809 - R:localhost/127.0.0.1:7155] Received response (auto-read:false) : [Content-Length=10]
14:14:46.431 [reactor-http-nio-2] DEBUG reactor.netty.resources.PooledConnectionProvider - [id: 0xfc12dfc1, L:/127.0.0.1:54809 - R:localhost/127.0.0.1:7155] onStateChange(POST{uri=/?userGroupId=00000000-0000-0000-0000-000000000002, connection=PooledConnection{channel=[id: 0xfc12dfc1, L:/127.0.0.1:54809 - R:localhost/127.0.0.1:7155]}}, [response_received])
14:14:46.431 [reactor-http-nio-2] DEBUG org.springframework.web.reactive.function.client.ExchangeFunctions - [15b12b81] Response 500 INTERNAL_SERVER_ERROR
14:14:46.432 [reactor-http-nio-2] DEBUG reactor.netty.channel.FluxReceive - [id: 0xfc12dfc1, L:/127.0.0.1:54809 - R:localhost/127.0.0.1:7155] FluxReceive{pending=0, cancelled=false, inboundDone=false, inboundError=null}: subscribing inbound receiver
14:14:46.432 [reactor-http-nio-2] DEBUG reactor.netty.http.client.HttpClientOperations - [id: 0xfc12dfc1, L:/127.0.0.1:54809 - R:localhost/127.0.0.1:7155] Received last HTTP packet
14:14:46.432 [reactor-http-nio-2] DEBUG org.springframework.core.codec.StringDecoder - [15b12b81] Decoded "error body"
14:14:46.432 [reactor-http-nio-2] DEBUG reactor.netty.resources.PooledConnectionProvider - [id: 0xfc12dfc1, L:/127.0.0.1:54809 - R:localhost/127.0.0.1:7155] onStateChange(POST{uri=/?userGroupId=00000000-0000-0000-0000-000000000002, connection=PooledConnection{channel=[id: 0xfc12dfc1, L:/127.0.0.1:54809 - R:localhost/127.0.0.1:7155]}}, [response_completed])
14:14:46.432 [reactor-http-nio-2] DEBUG reactor.netty.resources.PooledConnectionProvider - [id: 0xfc12dfc1, L:/127.0.0.1:54809 - R:localhost/127.0.0.1:7155] onStateChange(POST{uri=/?userGroupId=00000000-0000-0000-0000-000000000002, connection=PooledConnection{channel=[id: 0xfc12dfc1, L:/127.0.0.1:54809 - R:localhost/127.0.0.1:7155]}}, [disconnecting])
14:14:46.432 [reactor-http-nio-2] DEBUG reactor.netty.resources.PooledConnectionProvider - [id: 0xfc12dfc1, L:/127.0.0.1:54809 - R:localhost/127.0.0.1:7155] Releasing channel
14:14:46.432 [reactor-http-nio-2] DEBUG reactor.netty.resources.PooledConnectionProvider - [id: 0xfc12dfc1, L:/127.0.0.1:54809 - R:localhost/127.0.0.1:7155] Channel cleaned, now 0 active connections and 1 inactive connections
14:14:46.434 [Test worker] DEBUG org.springframework.web.reactive.function.client.ExchangeFunctions - [861f613] HTTP GET http://localhost:7155/00000000-0000-0000-0000-000000000001
14:14:46.434 [reactor-http-nio-2] DEBUG reactor.netty.resources.PooledConnectionProvider - [id: 0xfc12dfc1, L:/127.0.0.1:54809 - R:localhost/127.0.0.1:7155] Channel acquired, now 1 active connections and 0 inactive connections
14:14:46.434 [reactor-http-nio-2] DEBUG reactor.netty.http.client.HttpClientConnect - [id: 0xfc12dfc1, L:/127.0.0.1:54809 - R:localhost/127.0.0.1:7155] Handler is being applied: {uri=http://localhost:7155/00000000-0000-0000-0000-000000000001, method=GET}
14:14:46.435 [reactor-http-nio-2] DEBUG reactor.netty.resources.PooledConnectionProvider - [id: 0xfc12dfc1, L:/127.0.0.1:54809 - R:localhost/127.0.0.1:7155] onStateChange(GET{uri=/00000000-0000-0000-0000-000000000001, connection=PooledConnection{channel=[id: 0xfc12dfc1, L:/127.0.0.1:54809 - R:localhost/127.0.0.1:7155]}}, [request_prepared])
14:14:46.435 [reactor-http-nio-2] DEBUG reactor.netty.resources.PooledConnectionProvider - [id: 0xfc12dfc1, L:/127.0.0.1:54809 - R:localhost/127.0.0.1:7155] onStateChange(GET{uri=/00000000-0000-0000-0000-000000000001, connection=PooledConnection{channel=[id: 0xfc12dfc1, L:/127.0.0.1:54809 - R:localhost/127.0.0.1:7155]}}, [request_sent])
14:14:46.436 [reactor-http-nio-2] DEBUG reactor.netty.http.client.HttpClientOperations - [id: 0xfc12dfc1, L:/127.0.0.1:54809 - R:localhost/127.0.0.1:7155] Received response (auto-read:false) : [Content-Length=10]
14:14:46.436 [reactor-http-nio-2] DEBUG reactor.netty.resources.PooledConnectionProvider - [id: 0xfc12dfc1, L:/127.0.0.1:54809 - R:localhost/127.0.0.1:7155] onStateChange(GET{uri=/00000000-0000-0000-0000-000000000001, connection=PooledConnection{channel=[id: 0xfc12dfc1, L:/127.0.0.1:54809 - R:localhost/127.0.0.1:7155]}}, [response_received])
14:14:46.437 [reactor-http-nio-2] DEBUG org.springframework.web.reactive.function.client.ExchangeFunctions - [861f613] Response 500 INTERNAL_SERVER_ERROR
14:14:46.437 [reactor-http-nio-2] DEBUG reactor.netty.channel.FluxReceive - [id: 0xfc12dfc1, L:/127.0.0.1:54809 - R:localhost/127.0.0.1:7155] FluxReceive{pending=0, cancelled=false, inboundDone=false, inboundError=null}: subscribing inbound receiver
14:14:46.437 [reactor-http-nio-2] DEBUG reactor.netty.http.client.HttpClientOperations - [id: 0xfc12dfc1, L:/127.0.0.1:54809 - R:localhost/127.0.0.1:7155] Received last HTTP packet
14:14:46.438 [reactor-http-nio-2] DEBUG org.springframework.core.codec.StringDecoder - [861f613] Decoded "error body"
14:14:46.438 [reactor-http-nio-2] DEBUG org.springframework.web.reactive.function.client.ExchangeFunctions - [861f613] Cancel signal (to close connection)
14:14:46.438 [reactor-http-nio-2] DEBUG reactor.netty.resources.PooledConnectionProvider - [id: 0xfc12dfc1, L:/127.0.0.1:54809 - R:localhost/127.0.0.1:7155] onStateChange(GET{uri=/00000000-0000-0000-0000-000000000001, connection=PooledConnection{channel=[id: 0xfc12dfc1, L:/127.0.0.1:54809 - R:localhost/127.0.0.1:7155]}}, [response_completed])
14:14:46.438 [reactor-http-nio-2] DEBUG reactor.netty.resources.PooledConnectionProvider - [id: 0xfc12dfc1, L:/127.0.0.1:54809 - R:localhost/127.0.0.1:7155] onStateChange(GET{uri=/00000000-0000-0000-0000-000000000001, connection=PooledConnection{channel=[id: 0xfc12dfc1, L:/127.0.0.1:54809 - R:localhost/127.0.0.1:7155]}}, [disconnecting])
14:14:46.438 [reactor-http-nio-2] DEBUG reactor.netty.resources.PooledConnectionProvider - [id: 0xfc12dfc1, L:/127.0.0.1:54809 - R:localhost/127.0.0.1:7155] Releasing channel
14:14:46.438 [reactor-http-nio-2] DEBUG reactor.netty.resources.PooledConnectionProvider - [id: 0xfc12dfc1, L:/127.0.0.1:54809 - R:localhost/127.0.0.1:7155] Channel cleaned, now 0 active connections and 1 inactive connections
]]></system-out>
  <system-err><![CDATA[янв. 14, 2021 2:14:46 PM okhttp3.mockwebserver.MockWebServer$3 execute
INFO: MockWebServer[7155] starting to accept connections
янв. 14, 2021 2:14:46 PM okhttp3.mockwebserver.MockWebServer$4 processOneRequest
INFO: MockWebServer[7155] received request: POST / HTTP/1.1 and responded: HTTP/1.1 200 OK
янв. 14, 2021 2:14:46 PM okhttp3.mockwebserver.MockWebServer$4 processOneRequest
INFO: MockWebServer[7155] received request: GET /00000000-0000-0000-0000-000000000001/node HTTP/1.1 and responded: HTTP/1.1 500 Server Error
янв. 14, 2021 2:14:46 PM okhttp3.mockwebserver.MockWebServer$4 processOneRequest
INFO: MockWebServer[7155] received request: POST /?userGroupId=00000000-0000-0000-0000-000000000002 HTTP/1.1 and responded: HTTP/1.1 200 OK
янв. 14, 2021 2:14:46 PM okhttp3.mockwebserver.MockWebServer$4 processOneRequest
INFO: MockWebServer[7155] received request: GET /ef19829f-2e92-46fe-9bb8-0a580464ed62/file HTTP/1.1 and responded: HTTP/1.1 200 OK
янв. 14, 2021 2:14:46 PM okhttp3.mockwebserver.MockWebServer$4 processOneRequest
INFO: MockWebServer[7155] received request: GET /00000000-0000-0000-0000-000000000001/node HTTP/1.1 and responded: HTTP/1.1 200 OK
янв. 14, 2021 2:14:46 PM okhttp3.mockwebserver.MockWebServer$4 processOneRequest
INFO: MockWebServer[7155] received request: GET /00000000-0000-0000-0000-000000000001 HTTP/1.1 and responded: HTTP/1.1 200 OK
янв. 14, 2021 2:14:46 PM okhttp3.mockwebserver.MockWebServer$4 processOneRequest
INFO: MockWebServer[7155] received request: POST /?userGroupId=00000000-0000-0000-0000-000000000002 HTTP/1.1 and responded: HTTP/1.1 500 Server Error
янв. 14, 2021 2:14:46 PM okhttp3.mockwebserver.MockWebServer$4 processOneRequest
INFO: MockWebServer[7155] received request: GET /00000000-0000-0000-0000-000000000001 HTTP/1.1 and responded: HTTP/1.1 500 Server Error
янв. 14, 2021 2:14:46 PM okhttp3.mockwebserver.MockWebServer$3 acceptConnections
INFO: MockWebServer[7155] done accepting connections: Socket closed
]]></system-err>
</testsuite>
