<?xml version="1.0" encoding="UTF-8"?>
<testsuite name="ru.webfluxExample.ds.template.selector.service.SdsAccessTokenProviderTest" tests="3" skipped="0" failures="0" errors="0" timestamp="2021-01-14T11:14:45" hostname="CAB-WSM-0010709" time="0.623">
  <properties/>
  <testcase name="getAccessToken()" classname="ru.webfluxExample.ds.template.selector.service.SdsAccessTokenProviderTest" time="0.512"/>
  <testcase name="shouldFailWithInvalidTokenCheck()" classname="ru.webfluxExample.ds.template.selector.service.SdsAccessTokenProviderTest" time="0.014"/>
  <testcase name="checkAccessToken()" classname="ru.webfluxExample.ds.template.selector.service.SdsAccessTokenProviderTest" time="0.097"/>
  <system-out><![CDATA[14:14:45.247 [Test worker] DEBUG org.springframework.test.context.BootstrapUtils - Instantiating CacheAwareContextLoaderDelegate from class [org.springframework.test.context.cache.DefaultCacheAwareContextLoaderDelegate]
14:14:45.247 [Test worker] DEBUG org.springframework.test.context.BootstrapUtils - Instantiating BootstrapContext using constructor [public org.springframework.test.context.support.DefaultBootstrapContext(java.lang.Class,org.springframework.test.context.CacheAwareContextLoaderDelegate)]
14:14:45.247 [Test worker] DEBUG org.springframework.test.context.BootstrapUtils - Instantiating TestContextBootstrapper for test class [ru.webfluxExample.ds.template.selector.service.SdsAccessTokenProviderTest] from class [org.springframework.test.context.support.DefaultTestContextBootstrapper]
14:14:45.248 [Test worker] INFO org.springframework.test.context.support.DefaultTestContextBootstrapper - Neither @ContextConfiguration nor @ContextHierarchy found for test class [ru.webfluxExample.ds.template.selector.service.SdsAccessTokenProviderTest], using DelegatingSmartContextLoader
14:14:45.248 [Test worker] DEBUG org.springframework.test.context.support.AbstractDelegatingSmartContextLoader - Delegating to GenericXmlContextLoader to process context configuration [ContextConfigurationAttributes@30db69e0 declaringClass = 'ru.webfluxExample.ds.template.selector.service.SdsAccessTokenProviderTest', classes = '{}', locations = '{}', inheritLocations = false, initializers = '{}', inheritInitializers = true, name = [null], contextLoaderClass = 'org.springframework.test.context.ContextLoader'].
14:14:45.249 [Test worker] DEBUG org.springframework.test.context.support.AbstractContextLoader - Did not detect default resource location for test class [ru.webfluxExample.ds.template.selector.service.SdsAccessTokenProviderTest]: class path resource [ru/webfluxExample/ds/template/selector/service/SdsAccessTokenProviderTest-context.xml] does not exist
14:14:45.249 [Test worker] INFO org.springframework.test.context.support.AbstractContextLoader - Could not detect default resource locations for test class [ru.webfluxExample.ds.template.selector.service.SdsAccessTokenProviderTest]: no resource found for suffixes {-context.xml}.
14:14:45.249 [Test worker] DEBUG org.springframework.test.context.support.AbstractDelegatingSmartContextLoader - Delegating to AnnotationConfigContextLoader to process context configuration [ContextConfigurationAttributes@30db69e0 declaringClass = 'ru.webfluxExample.ds.template.selector.service.SdsAccessTokenProviderTest', classes = '{}', locations = '{}', inheritLocations = false, initializers = '{}', inheritInitializers = true, name = [null], contextLoaderClass = 'org.springframework.test.context.ContextLoader'].
14:14:45.249 [Test worker] INFO org.springframework.test.context.support.AnnotationConfigContextLoaderUtils - Could not detect default configuration classes for test class [ru.webfluxExample.ds.template.selector.service.SdsAccessTokenProviderTest]: SdsAccessTokenProviderTest does not declare any static, non-private, non-final, nested classes annotated with @Configuration.
14:14:45.251 [Test worker] DEBUG org.springframework.test.context.support.ActiveProfilesUtils - Could not find an 'annotation declaring class' for annotation type [org.springframework.test.context.ActiveProfiles] and class [ru.webfluxExample.ds.template.selector.service.SdsAccessTokenProviderTest]
14:14:45.251 [Test worker] DEBUG org.springframework.test.context.support.DefaultTestContextBootstrapper - @TestExecutionListeners is not present for class [ru.webfluxExample.ds.template.selector.service.SdsAccessTokenProviderTest]: using defaults.
14:14:45.251 [Test worker] INFO org.springframework.test.context.support.DefaultTestContextBootstrapper - Loaded default TestExecutionListener class names from location [META-INF/spring.factories]: [org.springframework.boot.test.autoconfigure.restdocs.RestDocsTestExecutionListener, org.springframework.boot.test.autoconfigure.web.client.MockRestServiceServerResetTestExecutionListener, org.springframework.boot.test.autoconfigure.web.servlet.MockMvcPrintOnlyOnFailureTestExecutionListener, org.springframework.boot.test.autoconfigure.web.servlet.WebDriverTestExecutionListener, org.springframework.boot.test.autoconfigure.webservices.client.MockWebServiceServerTestExecutionListener, org.springframework.boot.test.mock.mockito.MockitoTestExecutionListener, org.springframework.boot.test.mock.mockito.ResetMocksTestExecutionListener, org.springframework.test.context.web.ServletTestExecutionListener, org.springframework.test.context.support.DirtiesContextBeforeModesTestExecutionListener, org.springframework.test.context.support.DependencyInjectionTestExecutionListener, org.springframework.test.context.support.DirtiesContextTestExecutionListener, org.springframework.test.context.transaction.TransactionalTestExecutionListener, org.springframework.test.context.jdbc.SqlScriptsTestExecutionListener, org.springframework.test.context.event.EventPublishingTestExecutionListener]
14:14:45.252 [Test worker] DEBUG org.springframework.test.context.support.DefaultTestContextBootstrapper - Skipping candidate TestExecutionListener [org.springframework.test.context.web.ServletTestExecutionListener] due to a missing dependency. Specify custom listener classes or make the default listener classes and their required dependencies available. Offending class: [javax/servlet/ServletContext]
14:14:45.252 [Test worker] INFO org.springframework.test.context.support.DefaultTestContextBootstrapper - Using TestExecutionListeners: [org.springframework.test.context.support.DirtiesContextBeforeModesTestExecutionListener@3c2dd0b0, org.springframework.boot.test.mock.mockito.MockitoTestExecutionListener@1310e1b9, org.springframework.test.context.support.DependencyInjectionTestExecutionListener@5c3c6ce2, org.springframework.test.context.support.DirtiesContextTestExecutionListener@37439aec, org.springframework.test.context.transaction.TransactionalTestExecutionListener@65b974e4, org.springframework.test.context.jdbc.SqlScriptsTestExecutionListener@71305cc3, org.springframework.test.context.event.EventPublishingTestExecutionListener@4ed4757b, org.springframework.boot.test.autoconfigure.restdocs.RestDocsTestExecutionListener@65eb02b7, org.springframework.boot.test.autoconfigure.web.client.MockRestServiceServerResetTestExecutionListener@4bdb44ba, org.springframework.boot.test.autoconfigure.web.servlet.MockMvcPrintOnlyOnFailureTestExecutionListener@38fedf46, org.springframework.boot.test.autoconfigure.web.servlet.WebDriverTestExecutionListener@55ec1a8f, org.springframework.boot.test.autoconfigure.webservices.client.MockWebServiceServerTestExecutionListener@682f443f, org.springframework.boot.test.mock.mockito.ResetMocksTestExecutionListener@79403314]
14:14:45.253 [Test worker] DEBUG org.springframework.test.context.support.DependencyInjectionTestExecutionListener - Performing dependency injection for test context [[DefaultTestContext@370ad795 testClass = SdsAccessTokenProviderTest, testInstance = ru.webfluxExample.ds.template.selector.service.SdsAccessTokenProviderTest@2878b99, testMethod = [null], testException = [null], mergedContextConfiguration = [MergedContextConfiguration@101b294a testClass = SdsAccessTokenProviderTest, locations = '{}', classes = '{}', contextInitializerClasses = '[]', activeProfiles = '{}', propertySourceLocations = '{}', propertySourceProperties = '{}', contextCustomizers = set[org.springframework.boot.test.autoconfigure.properties.PropertyMappingContextCustomizer@0, org.springframework.boot.test.autoconfigure.web.servlet.WebDriverContextCustomizerFactory$Customizer@14bb3ebe, org.springframework.boot.test.context.filter.ExcludeFilterContextCustomizer@167afcd1, org.springframework.boot.test.json.DuplicateJsonObjectContextCustomizerFactory$DuplicateJsonObjectContextCustomizer@137831ea, org.springframework.boot.test.mock.mockito.MockitoContextCustomizer@0], contextLoader = 'org.springframework.test.context.support.DelegatingSmartContextLoader', parent = [null]], attributes = map[[empty]]]].
14:14:45.253 [Test worker] DEBUG org.springframework.test.context.cache.DefaultCacheAwareContextLoaderDelegate - Retrieved ApplicationContext [2070800403] from cache with key [[MergedContextConfiguration@101b294a testClass = SdsAccessTokenProviderTest, locations = '{}', classes = '{}', contextInitializerClasses = '[]', activeProfiles = '{}', propertySourceLocations = '{}', propertySourceProperties = '{}', contextCustomizers = set[org.springframework.boot.test.autoconfigure.properties.PropertyMappingContextCustomizer@0, org.springframework.boot.test.autoconfigure.web.servlet.WebDriverContextCustomizerFactory$Customizer@14bb3ebe, org.springframework.boot.test.context.filter.ExcludeFilterContextCustomizer@167afcd1, org.springframework.boot.test.json.DuplicateJsonObjectContextCustomizerFactory$DuplicateJsonObjectContextCustomizer@137831ea, org.springframework.boot.test.mock.mockito.MockitoContextCustomizer@0], contextLoader = 'org.springframework.test.context.support.DelegatingSmartContextLoader', parent = [null]]]
14:14:45.253 [Test worker] DEBUG org.springframework.test.context.cache - Spring test ApplicationContext cache statistics: [DefaultContextCache@1d30fdbe size = 1, maxSize = 32, parentContextCount = 0, hitCount = 31, missCount = 1]
14:14:45.255 [Test worker] DEBUG org.springframework.test.context.cache.DefaultCacheAwareContextLoaderDelegate - Retrieved ApplicationContext [2070800403] from cache with key [[MergedContextConfiguration@101b294a testClass = SdsAccessTokenProviderTest, locations = '{}', classes = '{}', contextInitializerClasses = '[]', activeProfiles = '{}', propertySourceLocations = '{}', propertySourceProperties = '{}', contextCustomizers = set[org.springframework.boot.test.autoconfigure.properties.PropertyMappingContextCustomizer@0, org.springframework.boot.test.autoconfigure.web.servlet.WebDriverContextCustomizerFactory$Customizer@14bb3ebe, org.springframework.boot.test.context.filter.ExcludeFilterContextCustomizer@167afcd1, org.springframework.boot.test.json.DuplicateJsonObjectContextCustomizerFactory$DuplicateJsonObjectContextCustomizer@137831ea, org.springframework.boot.test.mock.mockito.MockitoContextCustomizer@0], contextLoader = 'org.springframework.test.context.support.DelegatingSmartContextLoader', parent = [null]]]
14:14:45.255 [Test worker] DEBUG org.springframework.test.context.cache - Spring test ApplicationContext cache statistics: [DefaultContextCache@1d30fdbe size = 1, maxSize = 32, parentContextCount = 0, hitCount = 32, missCount = 1]
14:14:45.256 [Test worker] DEBUG org.springframework.test.context.support.AbstractDirtiesContextTestExecutionListener - Before test class: context [DefaultTestContext@370ad795 testClass = SdsAccessTokenProviderTest, testInstance = [null], testMethod = [null], testException = [null], mergedContextConfiguration = [MergedContextConfiguration@101b294a testClass = SdsAccessTokenProviderTest, locations = '{}', classes = '{}', contextInitializerClasses = '[]', activeProfiles = '{}', propertySourceLocations = '{}', propertySourceProperties = '{}', contextCustomizers = set[org.springframework.boot.test.autoconfigure.properties.PropertyMappingContextCustomizer@0, org.springframework.boot.test.autoconfigure.web.servlet.WebDriverContextCustomizerFactory$Customizer@14bb3ebe, org.springframework.boot.test.context.filter.ExcludeFilterContextCustomizer@167afcd1, org.springframework.boot.test.json.DuplicateJsonObjectContextCustomizerFactory$DuplicateJsonObjectContextCustomizer@137831ea, org.springframework.boot.test.mock.mockito.MockitoContextCustomizer@0], contextLoader = 'org.springframework.test.context.support.DelegatingSmartContextLoader', parent = [null]], attributes = map[[empty]]], class annotated with @DirtiesContext [false] with mode [null].
14:14:45.256 [Test worker] DEBUG org.springframework.test.context.cache.DefaultCacheAwareContextLoaderDelegate - Retrieved ApplicationContext [2070800403] from cache with key [[MergedContextConfiguration@101b294a testClass = SdsAccessTokenProviderTest, locations = '{}', classes = '{}', contextInitializerClasses = '[]', activeProfiles = '{}', propertySourceLocations = '{}', propertySourceProperties = '{}', contextCustomizers = set[org.springframework.boot.test.autoconfigure.properties.PropertyMappingContextCustomizer@0, org.springframework.boot.test.autoconfigure.web.servlet.WebDriverContextCustomizerFactory$Customizer@14bb3ebe, org.springframework.boot.test.context.filter.ExcludeFilterContextCustomizer@167afcd1, org.springframework.boot.test.json.DuplicateJsonObjectContextCustomizerFactory$DuplicateJsonObjectContextCustomizer@137831ea, org.springframework.boot.test.mock.mockito.MockitoContextCustomizer@0], contextLoader = 'org.springframework.test.context.support.DelegatingSmartContextLoader', parent = [null]]]
14:14:45.256 [Test worker] DEBUG org.springframework.test.context.cache - Spring test ApplicationContext cache statistics: [DefaultContextCache@1d30fdbe size = 1, maxSize = 32, parentContextCount = 0, hitCount = 33, missCount = 1]
14:14:45.456 [Test worker] DEBUG io.netty.util.internal.logging.InternalLoggerFactory - Using SLF4J as the default logging framework
14:14:45.479 [Test worker] DEBUG io.netty.util.internal.PlatformDependent - Platform: MacOS
14:14:45.481 [Test worker] DEBUG io.netty.util.internal.PlatformDependent0 - -Dio.netty.noUnsafe: false
14:14:45.481 [Test worker] DEBUG io.netty.util.internal.PlatformDependent0 - Java version: 11
14:14:45.482 [Test worker] DEBUG io.netty.util.internal.PlatformDependent0 - sun.misc.Unsafe.theUnsafe: available
14:14:45.483 [Test worker] DEBUG io.netty.util.internal.PlatformDependent0 - sun.misc.Unsafe.copyMemory: available
14:14:45.483 [Test worker] DEBUG io.netty.util.internal.PlatformDependent0 - java.nio.Buffer.address: available
14:14:45.484 [Test worker] DEBUG io.netty.util.internal.PlatformDependent0 - direct buffer constructor: unavailable
java.lang.UnsupportedOperationException: Reflective setAccessible(true) disabled
	at io.netty.util.internal.ReflectionUtil.trySetAccessible(ReflectionUtil.java:31)
	at io.netty.util.internal.PlatformDependent0$4.run(PlatformDependent0.java:238)
	at java.base/java.security.AccessController.doPrivileged(Native Method)
	at io.netty.util.internal.PlatformDependent0.<clinit>(PlatformDependent0.java:232)
	at io.netty.util.internal.PlatformDependent.isAndroid(PlatformDependent.java:289)
	at io.netty.util.internal.PlatformDependent.<clinit>(PlatformDependent.java:92)
	at io.netty.util.ConstantPool.<init>(ConstantPool.java:32)
	at io.netty.channel.ChannelOption$1.<init>(ChannelOption.java:36)
	at io.netty.channel.ChannelOption.<clinit>(ChannelOption.java:36)
	at reactor.netty.tcp.TcpClient.<clinit>(TcpClient.java:677)
	at reactor.netty.http.client.HttpClient.<clinit>(HttpClient.java:1388)
	at ru.webfluxExample.ds.template.selector.service.SdsAccessTokenProviderTest.setUp(SdsAccessTokenProviderTest.java:49)
	at java.base/jdk.internal.reflect.NativeMethodAccessorImpl.invoke0(Native Method)
	at java.base/jdk.internal.reflect.NativeMethodAccessorImpl.invoke(NativeMethodAccessorImpl.java:62)
	at java.base/jdk.internal.reflect.DelegatingMethodAccessorImpl.invoke(DelegatingMethodAccessorImpl.java:43)
	at java.base/java.lang.reflect.Method.invoke(Method.java:566)
	at org.junit.platform.commons.util.ReflectionUtils.invokeMethod(ReflectionUtils.java:686)
	at org.junit.jupiter.engine.execution.MethodInvocation.proceed(MethodInvocation.java:60)
	at org.junit.jupiter.engine.execution.InvocationInterceptorChain$ValidatingInvocation.proceed(InvocationInterceptorChain.java:131)
	at org.junit.jupiter.engine.extension.TimeoutExtension.intercept(TimeoutExtension.java:149)
	at org.junit.jupiter.engine.extension.TimeoutExtension.interceptLifecycleMethod(TimeoutExtension.java:126)
	at org.junit.jupiter.engine.extension.TimeoutExtension.interceptBeforeAllMethod(TimeoutExtension.java:68)
	at org.junit.jupiter.engine.execution.ExecutableInvoker$ReflectiveInterceptorCall.lambda$ofVoidMethod$0(ExecutableInvoker.java:115)
	at org.junit.jupiter.engine.execution.ExecutableInvoker.lambda$invoke$0(ExecutableInvoker.java:105)
	at org.junit.jupiter.engine.execution.InvocationInterceptorChain$InterceptedInvocation.proceed(InvocationInterceptorChain.java:106)
	at org.junit.jupiter.engine.execution.InvocationInterceptorChain.proceed(InvocationInterceptorChain.java:64)
	at org.junit.jupiter.engine.execution.InvocationInterceptorChain.chainAndInvoke(InvocationInterceptorChain.java:45)
	at org.junit.jupiter.engine.execution.InvocationInterceptorChain.invoke(InvocationInterceptorChain.java:37)
	at org.junit.jupiter.engine.execution.ExecutableInvoker.invoke(ExecutableInvoker.java:104)
	at org.junit.jupiter.engine.execution.ExecutableInvoker.invoke(ExecutableInvoker.java:98)
	at org.junit.jupiter.engine.descriptor.ClassBasedTestDescriptor.lambda$invokeBeforeAllMethods$8(ClassBasedTestDescriptor.java:375)
	at org.junit.platform.engine.support.hierarchical.ThrowableCollector.execute(ThrowableCollector.java:73)
	at org.junit.jupiter.engine.descriptor.ClassBasedTestDescriptor.invokeBeforeAllMethods(ClassBasedTestDescriptor.java:373)
	at org.junit.jupiter.engine.descriptor.ClassBasedTestDescriptor.before(ClassBasedTestDescriptor.java:193)
	at org.junit.jupiter.engine.descriptor.ClassBasedTestDescriptor.before(ClassBasedTestDescriptor.java:78)
	at org.junit.platform.engine.support.hierarchical.NodeTestTask.lambda$executeRecursively$5(NodeTestTask.java:132)
	at org.junit.platform.engine.support.hierarchical.ThrowableCollector.execute(ThrowableCollector.java:73)
	at org.junit.platform.engine.support.hierarchical.NodeTestTask.lambda$executeRecursively$7(NodeTestTask.java:125)
	at org.junit.platform.engine.support.hierarchical.Node.around(Node.java:135)
	at org.junit.platform.engine.support.hierarchical.NodeTestTask.lambda$executeRecursively$8(NodeTestTask.java:123)
	at org.junit.platform.engine.support.hierarchical.ThrowableCollector.execute(ThrowableCollector.java:73)
	at org.junit.platform.engine.support.hierarchical.NodeTestTask.executeRecursively(NodeTestTask.java:122)
	at org.junit.platform.engine.support.hierarchical.NodeTestTask.execute(NodeTestTask.java:80)
	at java.base/java.util.ArrayList.forEach(ArrayList.java:1541)
	at org.junit.platform.engine.support.hierarchical.SameThreadHierarchicalTestExecutorService.invokeAll(SameThreadHierarchicalTestExecutorService.java:38)
	at org.junit.platform.engine.support.hierarchical.NodeTestTask.lambda$executeRecursively$5(NodeTestTask.java:139)
	at org.junit.platform.engine.support.hierarchical.ThrowableCollector.execute(ThrowableCollector.java:73)
	at org.junit.platform.engine.support.hierarchical.NodeTestTask.lambda$executeRecursively$7(NodeTestTask.java:125)
	at org.junit.platform.engine.support.hierarchical.Node.around(Node.java:135)
	at org.junit.platform.engine.support.hierarchical.NodeTestTask.lambda$executeRecursively$8(NodeTestTask.java:123)
	at org.junit.platform.engine.support.hierarchical.ThrowableCollector.execute(ThrowableCollector.java:73)
	at org.junit.platform.engine.support.hierarchical.NodeTestTask.executeRecursively(NodeTestTask.java:122)
	at org.junit.platform.engine.support.hierarchical.NodeTestTask.execute(NodeTestTask.java:80)
	at org.junit.platform.engine.support.hierarchical.SameThreadHierarchicalTestExecutorService.submit(SameThreadHierarchicalTestExecutorService.java:32)
	at org.junit.platform.engine.support.hierarchical.HierarchicalTestExecutor.execute(HierarchicalTestExecutor.java:57)
	at org.junit.platform.engine.support.hierarchical.HierarchicalTestEngine.execute(HierarchicalTestEngine.java:51)
	at org.junit.platform.launcher.core.DefaultLauncher.execute(DefaultLauncher.java:248)
	at org.junit.platform.launcher.core.DefaultLauncher.lambda$execute$5(DefaultLauncher.java:211)
	at org.junit.platform.launcher.core.DefaultLauncher.withInterceptedStreams(DefaultLauncher.java:226)
	at org.junit.platform.launcher.core.DefaultLauncher.execute(DefaultLauncher.java:199)
	at org.junit.platform.launcher.core.DefaultLauncher.execute(DefaultLauncher.java:132)
	at org.gradle.api.internal.tasks.testing.junitplatform.JUnitPlatformTestClassProcessor$CollectAllTestClassesExecutor.processAllTestClasses(JUnitPlatformTestClassProcessor.java:99)
	at org.gradle.api.internal.tasks.testing.junitplatform.JUnitPlatformTestClassProcessor$CollectAllTestClassesExecutor.access$000(JUnitPlatformTestClassProcessor.java:79)
	at org.gradle.api.internal.tasks.testing.junitplatform.JUnitPlatformTestClassProcessor.stop(JUnitPlatformTestClassProcessor.java:75)
	at org.gradle.api.internal.tasks.testing.SuiteTestClassProcessor.stop(SuiteTestClassProcessor.java:61)
	at java.base/jdk.internal.reflect.NativeMethodAccessorImpl.invoke0(Native Method)
	at java.base/jdk.internal.reflect.NativeMethodAccessorImpl.invoke(NativeMethodAccessorImpl.java:62)
	at java.base/jdk.internal.reflect.DelegatingMethodAccessorImpl.invoke(DelegatingMethodAccessorImpl.java:43)
	at java.base/java.lang.reflect.Method.invoke(Method.java:566)
	at org.gradle.internal.dispatch.ReflectionDispatch.dispatch(ReflectionDispatch.java:36)
	at org.gradle.internal.dispatch.ReflectionDispatch.dispatch(ReflectionDispatch.java:24)
	at org.gradle.internal.dispatch.ContextClassLoaderDispatch.dispatch(ContextClassLoaderDispatch.java:33)
	at org.gradle.internal.dispatch.ProxyDispatchAdapter$DispatchingInvocationHandler.invoke(ProxyDispatchAdapter.java:94)
	at com.sun.proxy.$Proxy5.stop(Unknown Source)
	at org.gradle.api.internal.tasks.testing.worker.TestWorker.stop(TestWorker.java:133)
	at java.base/jdk.internal.reflect.NativeMethodAccessorImpl.invoke0(Native Method)
	at java.base/jdk.internal.reflect.NativeMethodAccessorImpl.invoke(NativeMethodAccessorImpl.java:62)
	at java.base/jdk.internal.reflect.DelegatingMethodAccessorImpl.invoke(DelegatingMethodAccessorImpl.java:43)
	at java.base/java.lang.reflect.Method.invoke(Method.java:566)
	at org.gradle.internal.dispatch.ReflectionDispatch.dispatch(ReflectionDispatch.java:36)
	at org.gradle.internal.dispatch.ReflectionDispatch.dispatch(ReflectionDispatch.java:24)
	at org.gradle.internal.remote.internal.hub.MessageHubBackedObjectConnection$DispatchWrapper.dispatch(MessageHubBackedObjectConnection.java:182)
	at org.gradle.internal.remote.internal.hub.MessageHubBackedObjectConnection$DispatchWrapper.dispatch(MessageHubBackedObjectConnection.java:164)
	at org.gradle.internal.remote.internal.hub.MessageHub$Handler.run(MessageHub.java:414)
	at org.gradle.internal.concurrent.ExecutorPolicy$CatchAndRecordFailures.onExecute(ExecutorPolicy.java:64)
	at org.gradle.internal.concurrent.ManagedExecutorImpl$1.run(ManagedExecutorImpl.java:48)
	at java.base/java.util.concurrent.ThreadPoolExecutor.runWorker(ThreadPoolExecutor.java:1128)
	at java.base/java.util.concurrent.ThreadPoolExecutor$Worker.run(ThreadPoolExecutor.java:628)
	at org.gradle.internal.concurrent.ThreadFactoryImpl$ManagedThreadRunnable.run(ThreadFactoryImpl.java:56)
	at java.base/java.lang.Thread.run(Thread.java:834)
14:14:45.486 [Test worker] DEBUG io.netty.util.internal.PlatformDependent0 - java.nio.Bits.unaligned: available, true
14:14:45.487 [Test worker] DEBUG io.netty.util.internal.PlatformDependent0 - jdk.internal.misc.Unsafe.allocateUninitializedArray(int): unavailable
java.lang.IllegalAccessException: class io.netty.util.internal.PlatformDependent0$6 cannot access class jdk.internal.misc.Unsafe (in module java.base) because module java.base does not export jdk.internal.misc to unnamed module @cd2dae5
	at java.base/jdk.internal.reflect.Reflection.newIllegalAccessException(Reflection.java:361)
	at java.base/java.lang.reflect.AccessibleObject.checkAccess(AccessibleObject.java:591)
	at java.base/java.lang.reflect.Method.invoke(Method.java:558)
	at io.netty.util.internal.PlatformDependent0$6.run(PlatformDependent0.java:352)
	at java.base/java.security.AccessController.doPrivileged(Native Method)
	at io.netty.util.internal.PlatformDependent0.<clinit>(PlatformDependent0.java:343)
	at io.netty.util.internal.PlatformDependent.isAndroid(PlatformDependent.java:289)
	at io.netty.util.internal.PlatformDependent.<clinit>(PlatformDependent.java:92)
	at io.netty.util.ConstantPool.<init>(ConstantPool.java:32)
	at io.netty.channel.ChannelOption$1.<init>(ChannelOption.java:36)
	at io.netty.channel.ChannelOption.<clinit>(ChannelOption.java:36)
	at reactor.netty.tcp.TcpClient.<clinit>(TcpClient.java:677)
	at reactor.netty.http.client.HttpClient.<clinit>(HttpClient.java:1388)
	at ru.webfluxExample.ds.template.selector.service.SdsAccessTokenProviderTest.setUp(SdsAccessTokenProviderTest.java:49)
	at java.base/jdk.internal.reflect.NativeMethodAccessorImpl.invoke0(Native Method)
	at java.base/jdk.internal.reflect.NativeMethodAccessorImpl.invoke(NativeMethodAccessorImpl.java:62)
	at java.base/jdk.internal.reflect.DelegatingMethodAccessorImpl.invoke(DelegatingMethodAccessorImpl.java:43)
	at java.base/java.lang.reflect.Method.invoke(Method.java:566)
	at org.junit.platform.commons.util.ReflectionUtils.invokeMethod(ReflectionUtils.java:686)
	at org.junit.jupiter.engine.execution.MethodInvocation.proceed(MethodInvocation.java:60)
	at org.junit.jupiter.engine.execution.InvocationInterceptorChain$ValidatingInvocation.proceed(InvocationInterceptorChain.java:131)
	at org.junit.jupiter.engine.extension.TimeoutExtension.intercept(TimeoutExtension.java:149)
	at org.junit.jupiter.engine.extension.TimeoutExtension.interceptLifecycleMethod(TimeoutExtension.java:126)
	at org.junit.jupiter.engine.extension.TimeoutExtension.interceptBeforeAllMethod(TimeoutExtension.java:68)
	at org.junit.jupiter.engine.execution.ExecutableInvoker$ReflectiveInterceptorCall.lambda$ofVoidMethod$0(ExecutableInvoker.java:115)
	at org.junit.jupiter.engine.execution.ExecutableInvoker.lambda$invoke$0(ExecutableInvoker.java:105)
	at org.junit.jupiter.engine.execution.InvocationInterceptorChain$InterceptedInvocation.proceed(InvocationInterceptorChain.java:106)
	at org.junit.jupiter.engine.execution.InvocationInterceptorChain.proceed(InvocationInterceptorChain.java:64)
	at org.junit.jupiter.engine.execution.InvocationInterceptorChain.chainAndInvoke(InvocationInterceptorChain.java:45)
	at org.junit.jupiter.engine.execution.InvocationInterceptorChain.invoke(InvocationInterceptorChain.java:37)
	at org.junit.jupiter.engine.execution.ExecutableInvoker.invoke(ExecutableInvoker.java:104)
	at org.junit.jupiter.engine.execution.ExecutableInvoker.invoke(ExecutableInvoker.java:98)
	at org.junit.jupiter.engine.descriptor.ClassBasedTestDescriptor.lambda$invokeBeforeAllMethods$8(ClassBasedTestDescriptor.java:375)
	at org.junit.platform.engine.support.hierarchical.ThrowableCollector.execute(ThrowableCollector.java:73)
	at org.junit.jupiter.engine.descriptor.ClassBasedTestDescriptor.invokeBeforeAllMethods(ClassBasedTestDescriptor.java:373)
	at org.junit.jupiter.engine.descriptor.ClassBasedTestDescriptor.before(ClassBasedTestDescriptor.java:193)
	at org.junit.jupiter.engine.descriptor.ClassBasedTestDescriptor.before(ClassBasedTestDescriptor.java:78)
	at org.junit.platform.engine.support.hierarchical.NodeTestTask.lambda$executeRecursively$5(NodeTestTask.java:132)
	at org.junit.platform.engine.support.hierarchical.ThrowableCollector.execute(ThrowableCollector.java:73)
	at org.junit.platform.engine.support.hierarchical.NodeTestTask.lambda$executeRecursively$7(NodeTestTask.java:125)
	at org.junit.platform.engine.support.hierarchical.Node.around(Node.java:135)
	at org.junit.platform.engine.support.hierarchical.NodeTestTask.lambda$executeRecursively$8(NodeTestTask.java:123)
	at org.junit.platform.engine.support.hierarchical.ThrowableCollector.execute(ThrowableCollector.java:73)
	at org.junit.platform.engine.support.hierarchical.NodeTestTask.executeRecursively(NodeTestTask.java:122)
	at org.junit.platform.engine.support.hierarchical.NodeTestTask.execute(NodeTestTask.java:80)
	at java.base/java.util.ArrayList.forEach(ArrayList.java:1541)
	at org.junit.platform.engine.support.hierarchical.SameThreadHierarchicalTestExecutorService.invokeAll(SameThreadHierarchicalTestExecutorService.java:38)
	at org.junit.platform.engine.support.hierarchical.NodeTestTask.lambda$executeRecursively$5(NodeTestTask.java:139)
	at org.junit.platform.engine.support.hierarchical.ThrowableCollector.execute(ThrowableCollector.java:73)
	at org.junit.platform.engine.support.hierarchical.NodeTestTask.lambda$executeRecursively$7(NodeTestTask.java:125)
	at org.junit.platform.engine.support.hierarchical.Node.around(Node.java:135)
	at org.junit.platform.engine.support.hierarchical.NodeTestTask.lambda$executeRecursively$8(NodeTestTask.java:123)
	at org.junit.platform.engine.support.hierarchical.ThrowableCollector.execute(ThrowableCollector.java:73)
	at org.junit.platform.engine.support.hierarchical.NodeTestTask.executeRecursively(NodeTestTask.java:122)
	at org.junit.platform.engine.support.hierarchical.NodeTestTask.execute(NodeTestTask.java:80)
	at org.junit.platform.engine.support.hierarchical.SameThreadHierarchicalTestExecutorService.submit(SameThreadHierarchicalTestExecutorService.java:32)
	at org.junit.platform.engine.support.hierarchical.HierarchicalTestExecutor.execute(HierarchicalTestExecutor.java:57)
	at org.junit.platform.engine.support.hierarchical.HierarchicalTestEngine.execute(HierarchicalTestEngine.java:51)
	at org.junit.platform.launcher.core.DefaultLauncher.execute(DefaultLauncher.java:248)
	at org.junit.platform.launcher.core.DefaultLauncher.lambda$execute$5(DefaultLauncher.java:211)
	at org.junit.platform.launcher.core.DefaultLauncher.withInterceptedStreams(DefaultLauncher.java:226)
	at org.junit.platform.launcher.core.DefaultLauncher.execute(DefaultLauncher.java:199)
	at org.junit.platform.launcher.core.DefaultLauncher.execute(DefaultLauncher.java:132)
	at org.gradle.api.internal.tasks.testing.junitplatform.JUnitPlatformTestClassProcessor$CollectAllTestClassesExecutor.processAllTestClasses(JUnitPlatformTestClassProcessor.java:99)
	at org.gradle.api.internal.tasks.testing.junitplatform.JUnitPlatformTestClassProcessor$CollectAllTestClassesExecutor.access$000(JUnitPlatformTestClassProcessor.java:79)
	at org.gradle.api.internal.tasks.testing.junitplatform.JUnitPlatformTestClassProcessor.stop(JUnitPlatformTestClassProcessor.java:75)
	at org.gradle.api.internal.tasks.testing.SuiteTestClassProcessor.stop(SuiteTestClassProcessor.java:61)
	at java.base/jdk.internal.reflect.NativeMethodAccessorImpl.invoke0(Native Method)
	at java.base/jdk.internal.reflect.NativeMethodAccessorImpl.invoke(NativeMethodAccessorImpl.java:62)
	at java.base/jdk.internal.reflect.DelegatingMethodAccessorImpl.invoke(DelegatingMethodAccessorImpl.java:43)
	at java.base/java.lang.reflect.Method.invoke(Method.java:566)
	at org.gradle.internal.dispatch.ReflectionDispatch.dispatch(ReflectionDispatch.java:36)
	at org.gradle.internal.dispatch.ReflectionDispatch.dispatch(ReflectionDispatch.java:24)
	at org.gradle.internal.dispatch.ContextClassLoaderDispatch.dispatch(ContextClassLoaderDispatch.java:33)
	at org.gradle.internal.dispatch.ProxyDispatchAdapter$DispatchingInvocationHandler.invoke(ProxyDispatchAdapter.java:94)
	at com.sun.proxy.$Proxy5.stop(Unknown Source)
	at org.gradle.api.internal.tasks.testing.worker.TestWorker.stop(TestWorker.java:133)
	at java.base/jdk.internal.reflect.NativeMethodAccessorImpl.invoke0(Native Method)
	at java.base/jdk.internal.reflect.NativeMethodAccessorImpl.invoke(NativeMethodAccessorImpl.java:62)
	at java.base/jdk.internal.reflect.DelegatingMethodAccessorImpl.invoke(DelegatingMethodAccessorImpl.java:43)
	at java.base/java.lang.reflect.Method.invoke(Method.java:566)
	at org.gradle.internal.dispatch.ReflectionDispatch.dispatch(ReflectionDispatch.java:36)
	at org.gradle.internal.dispatch.ReflectionDispatch.dispatch(ReflectionDispatch.java:24)
	at org.gradle.internal.remote.internal.hub.MessageHubBackedObjectConnection$DispatchWrapper.dispatch(MessageHubBackedObjectConnection.java:182)
	at org.gradle.internal.remote.internal.hub.MessageHubBackedObjectConnection$DispatchWrapper.dispatch(MessageHubBackedObjectConnection.java:164)
	at org.gradle.internal.remote.internal.hub.MessageHub$Handler.run(MessageHub.java:414)
	at org.gradle.internal.concurrent.ExecutorPolicy$CatchAndRecordFailures.onExecute(ExecutorPolicy.java:64)
	at org.gradle.internal.concurrent.ManagedExecutorImpl$1.run(ManagedExecutorImpl.java:48)
	at java.base/java.util.concurrent.ThreadPoolExecutor.runWorker(ThreadPoolExecutor.java:1128)
	at java.base/java.util.concurrent.ThreadPoolExecutor$Worker.run(ThreadPoolExecutor.java:628)
	at org.gradle.internal.concurrent.ThreadFactoryImpl$ManagedThreadRunnable.run(ThreadFactoryImpl.java:56)
	at java.base/java.lang.Thread.run(Thread.java:834)
14:14:45.488 [Test worker] DEBUG io.netty.util.internal.PlatformDependent0 - java.nio.DirectByteBuffer.<init>(long, int): unavailable
14:14:45.488 [Test worker] DEBUG io.netty.util.internal.PlatformDependent - sun.misc.Unsafe: available
14:14:45.499 [Test worker] DEBUG io.netty.util.internal.PlatformDependent - maxDirectMemory: 536870912 bytes (maybe)
14:14:45.500 [Test worker] DEBUG io.netty.util.internal.PlatformDependent - -Dio.netty.tmpdir: /var/folders/fv/3k_78mrd1jxc2d7bcbymzyl80000gq/T (java.io.tmpdir)
14:14:45.500 [Test worker] DEBUG io.netty.util.internal.PlatformDependent - -Dio.netty.bitMode: 64 (sun.arch.data.model)
14:14:45.501 [Test worker] DEBUG io.netty.util.internal.PlatformDependent - -Dio.netty.maxDirectMemory: -1 bytes
14:14:45.501 [Test worker] DEBUG io.netty.util.internal.PlatformDependent - -Dio.netty.uninitializedArrayAllocationThreshold: -1
14:14:45.502 [Test worker] DEBUG io.netty.util.internal.CleanerJava9 - java.nio.ByteBuffer.cleaner(): available
14:14:45.502 [Test worker] DEBUG io.netty.util.internal.PlatformDependent - -Dio.netty.noPreferDirect: false
14:14:45.506 [Test worker] DEBUG io.netty.util.NetUtil - -Djava.net.preferIPv4Stack: false
14:14:45.506 [Test worker] DEBUG io.netty.util.NetUtil - -Djava.net.preferIPv6Addresses: false
14:14:45.513 [Test worker] DEBUG io.netty.util.NetUtil - Loopback interface: lo0 (lo0, 0:0:0:0:0:0:0:1%lo0)
14:14:45.514 [Test worker] DEBUG io.netty.util.NetUtil - Failed to get SOMAXCONN from sysctl and file /proc/sys/net/core/somaxconn. Default: 128
14:14:45.542 [Test worker] DEBUG reactor.netty.tcp.TcpResources - [http] resources will use the default LoopResources: DefaultLoopResources {prefix=reactor-http, daemon=true, selectCount=12, workerCount=12}
14:14:45.542 [Test worker] DEBUG reactor.netty.tcp.TcpResources - [http] resources will use the default ConnectionProvider: reactor.netty.resources.PooledConnectionProvider@2a07b82f
14:14:45.689 [Test worker] DEBUG org.springframework.test.context.support.AbstractDirtiesContextTestExecutionListener - Before test method: context [DefaultTestContext@370ad795 testClass = SdsAccessTokenProviderTest, testInstance = ru.webfluxExample.ds.template.selector.service.SdsAccessTokenProviderTest@2878b99, testMethod = getAccessToken@SdsAccessTokenProviderTest, testException = [null], mergedContextConfiguration = [MergedContextConfiguration@101b294a testClass = SdsAccessTokenProviderTest, locations = '{}', classes = '{}', contextInitializerClasses = '[]', activeProfiles = '{}', propertySourceLocations = '{}', propertySourceProperties = '{}', contextCustomizers = set[org.springframework.boot.test.autoconfigure.properties.PropertyMappingContextCustomizer@0, org.springframework.boot.test.autoconfigure.web.servlet.WebDriverContextCustomizerFactory$Customizer@14bb3ebe, org.springframework.boot.test.context.filter.ExcludeFilterContextCustomizer@167afcd1, org.springframework.boot.test.json.DuplicateJsonObjectContextCustomizerFactory$DuplicateJsonObjectContextCustomizer@137831ea, org.springframework.boot.test.mock.mockito.MockitoContextCustomizer@0], contextLoader = 'org.springframework.test.context.support.DelegatingSmartContextLoader', parent = [null]], attributes = map[[empty]]], class annotated with @DirtiesContext [false] with mode [null], method annotated with @DirtiesContext [false] with mode [null].
14:14:45.689 [Test worker] DEBUG org.springframework.test.context.cache.DefaultCacheAwareContextLoaderDelegate - Retrieved ApplicationContext [2070800403] from cache with key [[MergedContextConfiguration@101b294a testClass = SdsAccessTokenProviderTest, locations = '{}', classes = '{}', contextInitializerClasses = '[]', activeProfiles = '{}', propertySourceLocations = '{}', propertySourceProperties = '{}', contextCustomizers = set[org.springframework.boot.test.autoconfigure.properties.PropertyMappingContextCustomizer@0, org.springframework.boot.test.autoconfigure.web.servlet.WebDriverContextCustomizerFactory$Customizer@14bb3ebe, org.springframework.boot.test.context.filter.ExcludeFilterContextCustomizer@167afcd1, org.springframework.boot.test.json.DuplicateJsonObjectContextCustomizerFactory$DuplicateJsonObjectContextCustomizer@137831ea, org.springframework.boot.test.mock.mockito.MockitoContextCustomizer@0], contextLoader = 'org.springframework.test.context.support.DelegatingSmartContextLoader', parent = [null]]]
14:14:45.689 [Test worker] DEBUG org.springframework.test.context.cache - Spring test ApplicationContext cache statistics: [DefaultContextCache@1d30fdbe size = 1, maxSize = 32, parentContextCount = 0, hitCount = 34, missCount = 1]
14:14:45.690 [Test worker] DEBUG org.springframework.test.context.cache.DefaultCacheAwareContextLoaderDelegate - Retrieved ApplicationContext [2070800403] from cache with key [[MergedContextConfiguration@101b294a testClass = SdsAccessTokenProviderTest, locations = '{}', classes = '{}', contextInitializerClasses = '[]', activeProfiles = '{}', propertySourceLocations = '{}', propertySourceProperties = '{}', contextCustomizers = set[org.springframework.boot.test.autoconfigure.properties.PropertyMappingContextCustomizer@0, org.springframework.boot.test.autoconfigure.web.servlet.WebDriverContextCustomizerFactory$Customizer@14bb3ebe, org.springframework.boot.test.context.filter.ExcludeFilterContextCustomizer@167afcd1, org.springframework.boot.test.json.DuplicateJsonObjectContextCustomizerFactory$DuplicateJsonObjectContextCustomizer@137831ea, org.springframework.boot.test.mock.mockito.MockitoContextCustomizer@0], contextLoader = 'org.springframework.test.context.support.DelegatingSmartContextLoader', parent = [null]]]
14:14:45.690 [Test worker] DEBUG org.springframework.test.context.cache - Spring test ApplicationContext cache statistics: [DefaultContextCache@1d30fdbe size = 1, maxSize = 32, parentContextCount = 0, hitCount = 35, missCount = 1]
14:14:45.690 [Test worker] DEBUG org.springframework.test.context.cache.DefaultCacheAwareContextLoaderDelegate - Retrieved ApplicationContext [2070800403] from cache with key [[MergedContextConfiguration@101b294a testClass = SdsAccessTokenProviderTest, locations = '{}', classes = '{}', contextInitializerClasses = '[]', activeProfiles = '{}', propertySourceLocations = '{}', propertySourceProperties = '{}', contextCustomizers = set[org.springframework.boot.test.autoconfigure.properties.PropertyMappingContextCustomizer@0, org.springframework.boot.test.autoconfigure.web.servlet.WebDriverContextCustomizerFactory$Customizer@14bb3ebe, org.springframework.boot.test.context.filter.ExcludeFilterContextCustomizer@167afcd1, org.springframework.boot.test.json.DuplicateJsonObjectContextCustomizerFactory$DuplicateJsonObjectContextCustomizer@137831ea, org.springframework.boot.test.mock.mockito.MockitoContextCustomizer@0], contextLoader = 'org.springframework.test.context.support.DelegatingSmartContextLoader', parent = [null]]]
14:14:45.691 [Test worker] DEBUG org.springframework.test.context.cache - Spring test ApplicationContext cache statistics: [DefaultContextCache@1d30fdbe size = 1, maxSize = 32, parentContextCount = 0, hitCount = 36, missCount = 1]
14:14:45.729 [Test worker] DEBUG reactor.netty.resources.DefaultLoopKQueue - Default KQueue support : false
14:14:45.734 [Test worker] DEBUG reactor.netty.resources.DefaultLoopEpoll - Default Epoll support : false
14:14:45.740 [Test worker] DEBUG io.netty.channel.MultithreadEventLoopGroup - -Dio.netty.eventLoopThreads: 24
14:14:45.759 [Test worker] DEBUG io.netty.util.internal.InternalThreadLocalMap - -Dio.netty.threadLocalMap.stringBuilder.initialSize: 1024
14:14:45.759 [Test worker] DEBUG io.netty.util.internal.InternalThreadLocalMap - -Dio.netty.threadLocalMap.stringBuilder.maxSize: 4096
14:14:45.767 [Test worker] DEBUG io.netty.channel.nio.NioEventLoop - -Dio.netty.noKeySetOptimization: false
14:14:45.767 [Test worker] DEBUG io.netty.channel.nio.NioEventLoop - -Dio.netty.selectorAutoRebuildThreshold: 512
14:14:45.778 [Test worker] DEBUG io.netty.util.internal.PlatformDependent - org.jctools-core.MpscChunkedArrayQueue: available
14:14:45.835 [Test worker] DEBUG org.springframework.web.reactive.function.client.ExchangeFunctions - [2226208d] HTTP POST http://localhost:55610/auth-server/oauth/token?grant_type=service_as_user
14:14:45.879 [Test worker] DEBUG io.netty.util.ResourceLeakDetector - -Dio.netty.leakDetection.level: simple
14:14:45.880 [Test worker] DEBUG io.netty.util.ResourceLeakDetector - -Dio.netty.leakDetection.targetRecords: 4
14:14:45.885 [Test worker] DEBUG reactor.netty.resources.PooledConnectionProvider - Creating a new client pool [PoolFactory {maxConnections=500, pendingAcquireMaxCount=-1, pendingAcquireTimeout=45000, maxIdleTime=-1, maxLifeTime=-1, metricsEnabled=false}] for [localhost:55610]
14:14:45.915 [Test worker] DEBUG io.netty.channel.DefaultChannelId - -Dio.netty.processId: 44026 (auto-detected)
14:14:45.918 [Test worker] DEBUG io.netty.channel.DefaultChannelId - -Dio.netty.machineId: 14:7d:da:ff:fe:8c:15:66 (auto-detected)
14:14:45.949 [Test worker] DEBUG io.netty.buffer.PooledByteBufAllocator - -Dio.netty.allocator.numHeapArenas: 5
14:14:45.949 [Test worker] DEBUG io.netty.buffer.PooledByteBufAllocator - -Dio.netty.allocator.numDirectArenas: 5
14:14:45.949 [Test worker] DEBUG io.netty.buffer.PooledByteBufAllocator - -Dio.netty.allocator.pageSize: 8192
14:14:45.949 [Test worker] DEBUG io.netty.buffer.PooledByteBufAllocator - -Dio.netty.allocator.maxOrder: 11
14:14:45.949 [Test worker] DEBUG io.netty.buffer.PooledByteBufAllocator - -Dio.netty.allocator.chunkSize: 16777216
14:14:45.949 [Test worker] DEBUG io.netty.buffer.PooledByteBufAllocator - -Dio.netty.allocator.smallCacheSize: 256
14:14:45.949 [Test worker] DEBUG io.netty.buffer.PooledByteBufAllocator - -Dio.netty.allocator.normalCacheSize: 64
14:14:45.949 [Test worker] DEBUG io.netty.buffer.PooledByteBufAllocator - -Dio.netty.allocator.maxCachedBufferCapacity: 32768
14:14:45.949 [Test worker] DEBUG io.netty.buffer.PooledByteBufAllocator - -Dio.netty.allocator.cacheTrimInterval: 8192
14:14:45.949 [Test worker] DEBUG io.netty.buffer.PooledByteBufAllocator - -Dio.netty.allocator.cacheTrimIntervalMillis: 0
14:14:45.949 [Test worker] DEBUG io.netty.buffer.PooledByteBufAllocator - -Dio.netty.allocator.useCacheForAllThreads: true
14:14:45.949 [Test worker] DEBUG io.netty.buffer.PooledByteBufAllocator - -Dio.netty.allocator.maxCachedByteBuffersPerChunk: 1023
14:14:45.961 [Test worker] DEBUG io.netty.buffer.ByteBufUtil - -Dio.netty.allocator.type: pooled
14:14:45.961 [Test worker] DEBUG io.netty.buffer.ByteBufUtil - -Dio.netty.threadLocalDirectBufferSize: 0
14:14:45.961 [Test worker] DEBUG io.netty.buffer.ByteBufUtil - -Dio.netty.maxThreadLocalCharBufferSize: 16384
14:14:45.975 [reactor-http-nio-1] DEBUG reactor.netty.resources.PooledConnectionProvider - [id: 0x5cc70386] Created a new pooled channel, now 1 active connections and 0 inactive connections
14:14:46.003 [reactor-http-nio-1] DEBUG io.netty.buffer.AbstractByteBuf - -Dio.netty.buffer.checkAccessible: true
14:14:46.003 [reactor-http-nio-1] DEBUG io.netty.buffer.AbstractByteBuf - -Dio.netty.buffer.checkBounds: true
14:14:46.005 [reactor-http-nio-1] DEBUG io.netty.util.ResourceLeakDetectorFactory - Loaded default ResourceLeakDetector: io.netty.util.ResourceLeakDetector@2fc016c0
14:14:46.011 [reactor-http-nio-1] DEBUG reactor.netty.channel.BootstrapHandlers - [id: 0x5cc70386] Initialized pipeline DefaultChannelPipeline{(BootstrapHandlers$BootstrapInitializerHandler#0 = reactor.netty.channel.BootstrapHandlers$BootstrapInitializerHandler), (PooledConnectionProvider$PooledConnectionAllocator$PooledConnectionInitializer#0 = reactor.netty.resources.PooledConnectionProvider$PooledConnectionAllocator$PooledConnectionInitializer), (reactor.left.httpCodec = io.netty.handler.codec.http.HttpClientCodec), (reactor.right.reactiveBridge = reactor.netty.channel.ChannelOperationsHandler)}
14:14:46.019 [reactor-http-nio-1] DEBUG reactor.netty.resources.PooledConnectionProvider - [id: 0x5cc70386, L:/127.0.0.1:54808 - R:localhost/127.0.0.1:55610] Registering pool release on close event for channel
14:14:46.020 [reactor-http-nio-1] DEBUG reactor.netty.resources.PooledConnectionProvider - [id: 0x5cc70386, L:/127.0.0.1:54808 - R:localhost/127.0.0.1:55610] Channel connected, now 1 active connections and 0 inactive connections
14:14:46.020 [reactor-http-nio-1] DEBUG reactor.netty.resources.PooledConnectionProvider - [id: 0x5cc70386, L:/127.0.0.1:54808 - R:localhost/127.0.0.1:55610] onStateChange(PooledConnection{channel=[id: 0x5cc70386, L:/127.0.0.1:54808 - R:localhost/127.0.0.1:55610]}, [connected])
14:14:46.037 [reactor-http-nio-1] DEBUG reactor.netty.resources.PooledConnectionProvider - [id: 0x5cc70386, L:/127.0.0.1:54808 - R:localhost/127.0.0.1:55610] onStateChange(GET{uri=/, connection=PooledConnection{channel=[id: 0x5cc70386, L:/127.0.0.1:54808 - R:localhost/127.0.0.1:55610]}}, [configured])
14:14:46.038 [reactor-http-nio-1] DEBUG reactor.netty.http.client.HttpClientConnect - [id: 0x5cc70386, L:/127.0.0.1:54808 - R:localhost/127.0.0.1:55610] Handler is being applied: {uri=http://localhost:55610/auth-server/oauth/token?grant_type=service_as_user, method=POST}
14:14:46.042 [reactor-http-nio-1] DEBUG reactor.netty.resources.PooledConnectionProvider - [id: 0x5cc70386, L:/127.0.0.1:54808 - R:localhost/127.0.0.1:55610] onStateChange(POST{uri=/auth-server/oauth/token?grant_type=service_as_user, connection=PooledConnection{channel=[id: 0x5cc70386, L:/127.0.0.1:54808 - R:localhost/127.0.0.1:55610]}}, [request_prepared])
14:14:46.059 [reactor-http-nio-1] DEBUG io.netty.util.Recycler - -Dio.netty.recycler.maxCapacityPerThread: 4096
14:14:46.059 [reactor-http-nio-1] DEBUG io.netty.util.Recycler - -Dio.netty.recycler.maxSharedCapacityFactor: 2
14:14:46.059 [reactor-http-nio-1] DEBUG io.netty.util.Recycler - -Dio.netty.recycler.linkCapacity: 16
14:14:46.059 [reactor-http-nio-1] DEBUG io.netty.util.Recycler - -Dio.netty.recycler.ratio: 8
14:14:46.059 [reactor-http-nio-1] DEBUG io.netty.util.Recycler - -Dio.netty.recycler.delayedQueue.ratio: 8
14:14:46.083 [reactor-http-nio-1] DEBUG reactor.netty.resources.PooledConnectionProvider - [id: 0x5cc70386, L:/127.0.0.1:54808 - R:localhost/127.0.0.1:55610] onStateChange(POST{uri=/auth-server/oauth/token?grant_type=service_as_user, connection=PooledConnection{channel=[id: 0x5cc70386, L:/127.0.0.1:54808 - R:localhost/127.0.0.1:55610]}}, [request_sent])
14:14:46.102 [reactor-http-nio-1] DEBUG reactor.netty.http.client.HttpClientOperations - [id: 0x5cc70386, L:/127.0.0.1:54808 - R:localhost/127.0.0.1:55610] Received response (auto-read:false) : [Content-Length=151, Content-Type=application/json]
14:14:46.103 [reactor-http-nio-1] DEBUG reactor.netty.resources.PooledConnectionProvider - [id: 0x5cc70386, L:/127.0.0.1:54808 - R:localhost/127.0.0.1:55610] onStateChange(POST{uri=/auth-server/oauth/token?grant_type=service_as_user, connection=PooledConnection{channel=[id: 0x5cc70386, L:/127.0.0.1:54808 - R:localhost/127.0.0.1:55610]}}, [response_received])
14:14:46.105 [reactor-http-nio-1] DEBUG org.springframework.web.reactive.function.client.ExchangeFunctions - [2226208d] Response 200 OK
14:14:46.150 [reactor-http-nio-1] DEBUG reactor.netty.channel.FluxReceive - [id: 0x5cc70386, L:/127.0.0.1:54808 - R:localhost/127.0.0.1:55610] FluxReceive{pending=0, cancelled=false, inboundDone=false, inboundError=null}: subscribing inbound receiver
14:14:46.154 [reactor-http-nio-1] DEBUG reactor.netty.http.client.HttpClientOperations - [id: 0x5cc70386, L:/127.0.0.1:54808 - R:localhost/127.0.0.1:55610] Received last HTTP packet
14:14:46.195 [reactor-http-nio-1] DEBUG org.springframework.http.codec.json.Jackson2JsonDecoder - [2226208d] Decoded [accessToken]
14:14:46.195 [reactor-http-nio-1] DEBUG reactor.netty.resources.PooledConnectionProvider - [id: 0x5cc70386, L:/127.0.0.1:54808 - R:localhost/127.0.0.1:55610] onStateChange(POST{uri=/auth-server/oauth/token?grant_type=service_as_user, connection=PooledConnection{channel=[id: 0x5cc70386, L:/127.0.0.1:54808 - R:localhost/127.0.0.1:55610]}}, [response_completed])
14:14:46.196 [reactor-http-nio-1] DEBUG reactor.netty.resources.PooledConnectionProvider - [id: 0x5cc70386, L:/127.0.0.1:54808 - R:localhost/127.0.0.1:55610] onStateChange(POST{uri=/auth-server/oauth/token?grant_type=service_as_user, connection=PooledConnection{channel=[id: 0x5cc70386, L:/127.0.0.1:54808 - R:localhost/127.0.0.1:55610]}}, [disconnecting])
14:14:46.196 [reactor-http-nio-1] DEBUG reactor.netty.resources.PooledConnectionProvider - [id: 0x5cc70386, L:/127.0.0.1:54808 - R:localhost/127.0.0.1:55610] Releasing channel
14:14:46.196 [Test worker] DEBUG org.springframework.test.context.cache.DefaultCacheAwareContextLoaderDelegate - Retrieved ApplicationContext [2070800403] from cache with key [[MergedContextConfiguration@101b294a testClass = SdsAccessTokenProviderTest, locations = '{}', classes = '{}', contextInitializerClasses = '[]', activeProfiles = '{}', propertySourceLocations = '{}', propertySourceProperties = '{}', contextCustomizers = set[org.springframework.boot.test.autoconfigure.properties.PropertyMappingContextCustomizer@0, org.springframework.boot.test.autoconfigure.web.servlet.WebDriverContextCustomizerFactory$Customizer@14bb3ebe, org.springframework.boot.test.context.filter.ExcludeFilterContextCustomizer@167afcd1, org.springframework.boot.test.json.DuplicateJsonObjectContextCustomizerFactory$DuplicateJsonObjectContextCustomizer@137831ea, org.springframework.boot.test.mock.mockito.MockitoContextCustomizer@0], contextLoader = 'org.springframework.test.context.support.DelegatingSmartContextLoader', parent = [null]]]
14:14:46.196 [Test worker] DEBUG org.springframework.test.context.cache - Spring test ApplicationContext cache statistics: [DefaultContextCache@1d30fdbe size = 1, maxSize = 32, parentContextCount = 0, hitCount = 37, missCount = 1]
14:14:46.196 [Test worker] DEBUG org.springframework.test.context.cache.DefaultCacheAwareContextLoaderDelegate - Retrieved ApplicationContext [2070800403] from cache with key [[MergedContextConfiguration@101b294a testClass = SdsAccessTokenProviderTest, locations = '{}', classes = '{}', contextInitializerClasses = '[]', activeProfiles = '{}', propertySourceLocations = '{}', propertySourceProperties = '{}', contextCustomizers = set[org.springframework.boot.test.autoconfigure.properties.PropertyMappingContextCustomizer@0, org.springframework.boot.test.autoconfigure.web.servlet.WebDriverContextCustomizerFactory$Customizer@14bb3ebe, org.springframework.boot.test.context.filter.ExcludeFilterContextCustomizer@167afcd1, org.springframework.boot.test.json.DuplicateJsonObjectContextCustomizerFactory$DuplicateJsonObjectContextCustomizer@137831ea, org.springframework.boot.test.mock.mockito.MockitoContextCustomizer@0], contextLoader = 'org.springframework.test.context.support.DelegatingSmartContextLoader', parent = [null]]]
14:14:46.196 [Test worker] DEBUG org.springframework.test.context.cache - Spring test ApplicationContext cache statistics: [DefaultContextCache@1d30fdbe size = 1, maxSize = 32, parentContextCount = 0, hitCount = 38, missCount = 1]
14:14:46.197 [Test worker] DEBUG org.springframework.test.context.cache.DefaultCacheAwareContextLoaderDelegate - Retrieved ApplicationContext [2070800403] from cache with key [[MergedContextConfiguration@101b294a testClass = SdsAccessTokenProviderTest, locations = '{}', classes = '{}', contextInitializerClasses = '[]', activeProfiles = '{}', propertySourceLocations = '{}', propertySourceProperties = '{}', contextCustomizers = set[org.springframework.boot.test.autoconfigure.properties.PropertyMappingContextCustomizer@0, org.springframework.boot.test.autoconfigure.web.servlet.WebDriverContextCustomizerFactory$Customizer@14bb3ebe, org.springframework.boot.test.context.filter.ExcludeFilterContextCustomizer@167afcd1, org.springframework.boot.test.json.DuplicateJsonObjectContextCustomizerFactory$DuplicateJsonObjectContextCustomizer@137831ea, org.springframework.boot.test.mock.mockito.MockitoContextCustomizer@0], contextLoader = 'org.springframework.test.context.support.DelegatingSmartContextLoader', parent = [null]]]
14:14:46.197 [Test worker] DEBUG org.springframework.test.context.cache - Spring test ApplicationContext cache statistics: [DefaultContextCache@1d30fdbe size = 1, maxSize = 32, parentContextCount = 0, hitCount = 39, missCount = 1]
14:14:46.197 [Test worker] DEBUG org.springframework.test.context.cache.DefaultCacheAwareContextLoaderDelegate - Retrieved ApplicationContext [2070800403] from cache with key [[MergedContextConfiguration@101b294a testClass = SdsAccessTokenProviderTest, locations = '{}', classes = '{}', contextInitializerClasses = '[]', activeProfiles = '{}', propertySourceLocations = '{}', propertySourceProperties = '{}', contextCustomizers = set[org.springframework.boot.test.autoconfigure.properties.PropertyMappingContextCustomizer@0, org.springframework.boot.test.autoconfigure.web.servlet.WebDriverContextCustomizerFactory$Customizer@14bb3ebe, org.springframework.boot.test.context.filter.ExcludeFilterContextCustomizer@167afcd1, org.springframework.boot.test.json.DuplicateJsonObjectContextCustomizerFactory$DuplicateJsonObjectContextCustomizer@137831ea, org.springframework.boot.test.mock.mockito.MockitoContextCustomizer@0], contextLoader = 'org.springframework.test.context.support.DelegatingSmartContextLoader', parent = [null]]]
14:14:46.197 [Test worker] DEBUG org.springframework.test.context.cache - Spring test ApplicationContext cache statistics: [DefaultContextCache@1d30fdbe size = 1, maxSize = 32, parentContextCount = 0, hitCount = 40, missCount = 1]
14:14:46.197 [reactor-http-nio-1] DEBUG reactor.netty.resources.PooledConnectionProvider - [id: 0x5cc70386, L:/127.0.0.1:54808 - R:localhost/127.0.0.1:55610] Channel cleaned, now 0 active connections and 1 inactive connections
14:14:46.198 [Test worker] DEBUG org.springframework.test.context.cache.DefaultCacheAwareContextLoaderDelegate - Retrieved ApplicationContext [2070800403] from cache with key [[MergedContextConfiguration@101b294a testClass = SdsAccessTokenProviderTest, locations = '{}', classes = '{}', contextInitializerClasses = '[]', activeProfiles = '{}', propertySourceLocations = '{}', propertySourceProperties = '{}', contextCustomizers = set[org.springframework.boot.test.autoconfigure.properties.PropertyMappingContextCustomizer@0, org.springframework.boot.test.autoconfigure.web.servlet.WebDriverContextCustomizerFactory$Customizer@14bb3ebe, org.springframework.boot.test.context.filter.ExcludeFilterContextCustomizer@167afcd1, org.springframework.boot.test.json.DuplicateJsonObjectContextCustomizerFactory$DuplicateJsonObjectContextCustomizer@137831ea, org.springframework.boot.test.mock.mockito.MockitoContextCustomizer@0], contextLoader = 'org.springframework.test.context.support.DelegatingSmartContextLoader', parent = [null]]]
14:14:46.198 [Test worker] DEBUG org.springframework.test.context.cache - Spring test ApplicationContext cache statistics: [DefaultContextCache@1d30fdbe size = 1, maxSize = 32, parentContextCount = 0, hitCount = 41, missCount = 1]
14:14:46.198 [Test worker] DEBUG org.springframework.test.context.cache.DefaultCacheAwareContextLoaderDelegate - Retrieved ApplicationContext [2070800403] from cache with key [[MergedContextConfiguration@101b294a testClass = SdsAccessTokenProviderTest, locations = '{}', classes = '{}', contextInitializerClasses = '[]', activeProfiles = '{}', propertySourceLocations = '{}', propertySourceProperties = '{}', contextCustomizers = set[org.springframework.boot.test.autoconfigure.properties.PropertyMappingContextCustomizer@0, org.springframework.boot.test.autoconfigure.web.servlet.WebDriverContextCustomizerFactory$Customizer@14bb3ebe, org.springframework.boot.test.context.filter.ExcludeFilterContextCustomizer@167afcd1, org.springframework.boot.test.json.DuplicateJsonObjectContextCustomizerFactory$DuplicateJsonObjectContextCustomizer@137831ea, org.springframework.boot.test.mock.mockito.MockitoContextCustomizer@0], contextLoader = 'org.springframework.test.context.support.DelegatingSmartContextLoader', parent = [null]]]
14:14:46.198 [Test worker] DEBUG org.springframework.test.context.cache - Spring test ApplicationContext cache statistics: [DefaultContextCache@1d30fdbe size = 1, maxSize = 32, parentContextCount = 0, hitCount = 42, missCount = 1]
14:14:46.199 [Test worker] DEBUG org.springframework.test.context.support.AbstractDirtiesContextTestExecutionListener - After test method: context [DefaultTestContext@370ad795 testClass = SdsAccessTokenProviderTest, testInstance = ru.webfluxExample.ds.template.selector.service.SdsAccessTokenProviderTest@2878b99, testMethod = getAccessToken@SdsAccessTokenProviderTest, testException = [null], mergedContextConfiguration = [MergedContextConfiguration@101b294a testClass = SdsAccessTokenProviderTest, locations = '{}', classes = '{}', contextInitializerClasses = '[]', activeProfiles = '{}', propertySourceLocations = '{}', propertySourceProperties = '{}', contextCustomizers = set[org.springframework.boot.test.autoconfigure.properties.PropertyMappingContextCustomizer@0, org.springframework.boot.test.autoconfigure.web.servlet.WebDriverContextCustomizerFactory$Customizer@14bb3ebe, org.springframework.boot.test.context.filter.ExcludeFilterContextCustomizer@167afcd1, org.springframework.boot.test.json.DuplicateJsonObjectContextCustomizerFactory$DuplicateJsonObjectContextCustomizer@137831ea, org.springframework.boot.test.mock.mockito.MockitoContextCustomizer@0], contextLoader = 'org.springframework.test.context.support.DelegatingSmartContextLoader', parent = [null]], attributes = map[[empty]]], class annotated with @DirtiesContext [false] with mode [null], method annotated with @DirtiesContext [false] with mode [null].
14:14:46.200 [Test worker] DEBUG org.springframework.test.context.support.AbstractDirtiesContextTestExecutionListener - Before test method: context [DefaultTestContext@370ad795 testClass = SdsAccessTokenProviderTest, testInstance = ru.webfluxExample.ds.template.selector.service.SdsAccessTokenProviderTest@2878b99, testMethod = shouldFailWithInvalidTokenCheck@SdsAccessTokenProviderTest, testException = [null], mergedContextConfiguration = [MergedContextConfiguration@101b294a testClass = SdsAccessTokenProviderTest, locations = '{}', classes = '{}', contextInitializerClasses = '[]', activeProfiles = '{}', propertySourceLocations = '{}', propertySourceProperties = '{}', contextCustomizers = set[org.springframework.boot.test.autoconfigure.properties.PropertyMappingContextCustomizer@0, org.springframework.boot.test.autoconfigure.web.servlet.WebDriverContextCustomizerFactory$Customizer@14bb3ebe, org.springframework.boot.test.context.filter.ExcludeFilterContextCustomizer@167afcd1, org.springframework.boot.test.json.DuplicateJsonObjectContextCustomizerFactory$DuplicateJsonObjectContextCustomizer@137831ea, org.springframework.boot.test.mock.mockito.MockitoContextCustomizer@0], contextLoader = 'org.springframework.test.context.support.DelegatingSmartContextLoader', parent = [null]], attributes = map[[empty]]], class annotated with @DirtiesContext [false] with mode [null], method annotated with @DirtiesContext [false] with mode [null].
14:14:46.200 [Test worker] DEBUG org.springframework.test.context.cache.DefaultCacheAwareContextLoaderDelegate - Retrieved ApplicationContext [2070800403] from cache with key [[MergedContextConfiguration@101b294a testClass = SdsAccessTokenProviderTest, locations = '{}', classes = '{}', contextInitializerClasses = '[]', activeProfiles = '{}', propertySourceLocations = '{}', propertySourceProperties = '{}', contextCustomizers = set[org.springframework.boot.test.autoconfigure.properties.PropertyMappingContextCustomizer@0, org.springframework.boot.test.autoconfigure.web.servlet.WebDriverContextCustomizerFactory$Customizer@14bb3ebe, org.springframework.boot.test.context.filter.ExcludeFilterContextCustomizer@167afcd1, org.springframework.boot.test.json.DuplicateJsonObjectContextCustomizerFactory$DuplicateJsonObjectContextCustomizer@137831ea, org.springframework.boot.test.mock.mockito.MockitoContextCustomizer@0], contextLoader = 'org.springframework.test.context.support.DelegatingSmartContextLoader', parent = [null]]]
14:14:46.200 [Test worker] DEBUG org.springframework.test.context.cache - Spring test ApplicationContext cache statistics: [DefaultContextCache@1d30fdbe size = 1, maxSize = 32, parentContextCount = 0, hitCount = 43, missCount = 1]
14:14:46.201 [Test worker] DEBUG org.springframework.test.context.cache.DefaultCacheAwareContextLoaderDelegate - Retrieved ApplicationContext [2070800403] from cache with key [[MergedContextConfiguration@101b294a testClass = SdsAccessTokenProviderTest, locations = '{}', classes = '{}', contextInitializerClasses = '[]', activeProfiles = '{}', propertySourceLocations = '{}', propertySourceProperties = '{}', contextCustomizers = set[org.springframework.boot.test.autoconfigure.properties.PropertyMappingContextCustomizer@0, org.springframework.boot.test.autoconfigure.web.servlet.WebDriverContextCustomizerFactory$Customizer@14bb3ebe, org.springframework.boot.test.context.filter.ExcludeFilterContextCustomizer@167afcd1, org.springframework.boot.test.json.DuplicateJsonObjectContextCustomizerFactory$DuplicateJsonObjectContextCustomizer@137831ea, org.springframework.boot.test.mock.mockito.MockitoContextCustomizer@0], contextLoader = 'org.springframework.test.context.support.DelegatingSmartContextLoader', parent = [null]]]
14:14:46.201 [Test worker] DEBUG org.springframework.test.context.cache - Spring test ApplicationContext cache statistics: [DefaultContextCache@1d30fdbe size = 1, maxSize = 32, parentContextCount = 0, hitCount = 44, missCount = 1]
14:14:46.201 [Test worker] DEBUG org.springframework.test.context.cache.DefaultCacheAwareContextLoaderDelegate - Retrieved ApplicationContext [2070800403] from cache with key [[MergedContextConfiguration@101b294a testClass = SdsAccessTokenProviderTest, locations = '{}', classes = '{}', contextInitializerClasses = '[]', activeProfiles = '{}', propertySourceLocations = '{}', propertySourceProperties = '{}', contextCustomizers = set[org.springframework.boot.test.autoconfigure.properties.PropertyMappingContextCustomizer@0, org.springframework.boot.test.autoconfigure.web.servlet.WebDriverContextCustomizerFactory$Customizer@14bb3ebe, org.springframework.boot.test.context.filter.ExcludeFilterContextCustomizer@167afcd1, org.springframework.boot.test.json.DuplicateJsonObjectContextCustomizerFactory$DuplicateJsonObjectContextCustomizer@137831ea, org.springframework.boot.test.mock.mockito.MockitoContextCustomizer@0], contextLoader = 'org.springframework.test.context.support.DelegatingSmartContextLoader', parent = [null]]]
14:14:46.201 [Test worker] DEBUG org.springframework.test.context.cache - Spring test ApplicationContext cache statistics: [DefaultContextCache@1d30fdbe size = 1, maxSize = 32, parentContextCount = 0, hitCount = 45, missCount = 1]
14:14:46.202 [Test worker] DEBUG org.springframework.web.reactive.function.client.ExchangeFunctions - [512e29d] HTTP POST http://localhost:55610/auth-server/oauth/token?token
14:14:46.203 [reactor-http-nio-1] DEBUG reactor.netty.resources.PooledConnectionProvider - [id: 0x5cc70386, L:/127.0.0.1:54808 - R:localhost/127.0.0.1:55610] Channel acquired, now 1 active connections and 0 inactive connections
14:14:46.204 [reactor-http-nio-1] DEBUG reactor.netty.http.client.HttpClientConnect - [id: 0x5cc70386, L:/127.0.0.1:54808 - R:localhost/127.0.0.1:55610] Handler is being applied: {uri=http://localhost:55610/auth-server/oauth/token?token, method=POST}
14:14:46.204 [reactor-http-nio-1] DEBUG reactor.netty.resources.PooledConnectionProvider - [id: 0x5cc70386, L:/127.0.0.1:54808 - R:localhost/127.0.0.1:55610] onStateChange(POST{uri=/auth-server/oauth/token?token, connection=PooledConnection{channel=[id: 0x5cc70386, L:/127.0.0.1:54808 - R:localhost/127.0.0.1:55610]}}, [request_prepared])
14:14:46.205 [reactor-http-nio-1] DEBUG reactor.netty.resources.PooledConnectionProvider - [id: 0x5cc70386, L:/127.0.0.1:54808 - R:localhost/127.0.0.1:55610] onStateChange(POST{uri=/auth-server/oauth/token?token, connection=PooledConnection{channel=[id: 0x5cc70386, L:/127.0.0.1:54808 - R:localhost/127.0.0.1:55610]}}, [request_sent])
14:14:46.206 [reactor-http-nio-1] DEBUG reactor.netty.http.client.HttpClientOperations - [id: 0x5cc70386, L:/127.0.0.1:54808 - R:localhost/127.0.0.1:55610] Received response (auto-read:false) : [Content-Length=22]
14:14:46.206 [reactor-http-nio-1] DEBUG reactor.netty.resources.PooledConnectionProvider - [id: 0x5cc70386, L:/127.0.0.1:54808 - R:localhost/127.0.0.1:55610] onStateChange(POST{uri=/auth-server/oauth/token?token, connection=PooledConnection{channel=[id: 0x5cc70386, L:/127.0.0.1:54808 - R:localhost/127.0.0.1:55610]}}, [response_received])
14:14:46.207 [reactor-http-nio-1] DEBUG org.springframework.web.reactive.function.client.ExchangeFunctions - [512e29d] Response 400 BAD_REQUEST
14:14:46.209 [reactor-http-nio-1] DEBUG reactor.netty.channel.FluxReceive - [id: 0x5cc70386, L:/127.0.0.1:54808 - R:localhost/127.0.0.1:55610] FluxReceive{pending=0, cancelled=false, inboundDone=false, inboundError=null}: subscribing inbound receiver
14:14:46.210 [reactor-http-nio-1] DEBUG reactor.netty.http.client.HttpClientOperations - [id: 0x5cc70386, L:/127.0.0.1:54808 - R:localhost/127.0.0.1:55610] Received last HTTP packet
14:14:46.210 [reactor-http-nio-1] DEBUG org.springframework.core.codec.StringDecoder - [512e29d] Decoded "Invalid token provided"
14:14:46.211 [reactor-http-nio-1] DEBUG reactor.netty.resources.PooledConnectionProvider - [id: 0x5cc70386, L:/127.0.0.1:54808 - R:localhost/127.0.0.1:55610] onStateChange(POST{uri=/auth-server/oauth/token?token, connection=PooledConnection{channel=[id: 0x5cc70386, L:/127.0.0.1:54808 - R:localhost/127.0.0.1:55610]}}, [response_completed])
14:14:46.211 [reactor-http-nio-1] DEBUG reactor.netty.resources.PooledConnectionProvider - [id: 0x5cc70386, L:/127.0.0.1:54808 - R:localhost/127.0.0.1:55610] onStateChange(POST{uri=/auth-server/oauth/token?token, connection=PooledConnection{channel=[id: 0x5cc70386, L:/127.0.0.1:54808 - R:localhost/127.0.0.1:55610]}}, [disconnecting])
14:14:46.211 [reactor-http-nio-1] DEBUG reactor.netty.resources.PooledConnectionProvider - [id: 0x5cc70386, L:/127.0.0.1:54808 - R:localhost/127.0.0.1:55610] Releasing channel
14:14:46.211 [Test worker] DEBUG org.springframework.test.context.cache.DefaultCacheAwareContextLoaderDelegate - Retrieved ApplicationContext [2070800403] from cache with key [[MergedContextConfiguration@101b294a testClass = SdsAccessTokenProviderTest, locations = '{}', classes = '{}', contextInitializerClasses = '[]', activeProfiles = '{}', propertySourceLocations = '{}', propertySourceProperties = '{}', contextCustomizers = set[org.springframework.boot.test.autoconfigure.properties.PropertyMappingContextCustomizer@0, org.springframework.boot.test.autoconfigure.web.servlet.WebDriverContextCustomizerFactory$Customizer@14bb3ebe, org.springframework.boot.test.context.filter.ExcludeFilterContextCustomizer@167afcd1, org.springframework.boot.test.json.DuplicateJsonObjectContextCustomizerFactory$DuplicateJsonObjectContextCustomizer@137831ea, org.springframework.boot.test.mock.mockito.MockitoContextCustomizer@0], contextLoader = 'org.springframework.test.context.support.DelegatingSmartContextLoader', parent = [null]]]
14:14:46.211 [reactor-http-nio-1] DEBUG reactor.netty.resources.PooledConnectionProvider - [id: 0x5cc70386, L:/127.0.0.1:54808 - R:localhost/127.0.0.1:55610] Channel cleaned, now 0 active connections and 1 inactive connections
14:14:46.211 [Test worker] DEBUG org.springframework.test.context.cache - Spring test ApplicationContext cache statistics: [DefaultContextCache@1d30fdbe size = 1, maxSize = 32, parentContextCount = 0, hitCount = 46, missCount = 1]
14:14:46.211 [Test worker] DEBUG org.springframework.test.context.cache.DefaultCacheAwareContextLoaderDelegate - Retrieved ApplicationContext [2070800403] from cache with key [[MergedContextConfiguration@101b294a testClass = SdsAccessTokenProviderTest, locations = '{}', classes = '{}', contextInitializerClasses = '[]', activeProfiles = '{}', propertySourceLocations = '{}', propertySourceProperties = '{}', contextCustomizers = set[org.springframework.boot.test.autoconfigure.properties.PropertyMappingContextCustomizer@0, org.springframework.boot.test.autoconfigure.web.servlet.WebDriverContextCustomizerFactory$Customizer@14bb3ebe, org.springframework.boot.test.context.filter.ExcludeFilterContextCustomizer@167afcd1, org.springframework.boot.test.json.DuplicateJsonObjectContextCustomizerFactory$DuplicateJsonObjectContextCustomizer@137831ea, org.springframework.boot.test.mock.mockito.MockitoContextCustomizer@0], contextLoader = 'org.springframework.test.context.support.DelegatingSmartContextLoader', parent = [null]]]
14:14:46.211 [Test worker] DEBUG org.springframework.test.context.cache - Spring test ApplicationContext cache statistics: [DefaultContextCache@1d30fdbe size = 1, maxSize = 32, parentContextCount = 0, hitCount = 47, missCount = 1]
14:14:46.212 [Test worker] DEBUG org.springframework.test.context.cache.DefaultCacheAwareContextLoaderDelegate - Retrieved ApplicationContext [2070800403] from cache with key [[MergedContextConfiguration@101b294a testClass = SdsAccessTokenProviderTest, locations = '{}', classes = '{}', contextInitializerClasses = '[]', activeProfiles = '{}', propertySourceLocations = '{}', propertySourceProperties = '{}', contextCustomizers = set[org.springframework.boot.test.autoconfigure.properties.PropertyMappingContextCustomizer@0, org.springframework.boot.test.autoconfigure.web.servlet.WebDriverContextCustomizerFactory$Customizer@14bb3ebe, org.springframework.boot.test.context.filter.ExcludeFilterContextCustomizer@167afcd1, org.springframework.boot.test.json.DuplicateJsonObjectContextCustomizerFactory$DuplicateJsonObjectContextCustomizer@137831ea, org.springframework.boot.test.mock.mockito.MockitoContextCustomizer@0], contextLoader = 'org.springframework.test.context.support.DelegatingSmartContextLoader', parent = [null]]]
14:14:46.212 [Test worker] DEBUG org.springframework.test.context.cache - Spring test ApplicationContext cache statistics: [DefaultContextCache@1d30fdbe size = 1, maxSize = 32, parentContextCount = 0, hitCount = 48, missCount = 1]
14:14:46.212 [Test worker] DEBUG org.springframework.test.context.cache.DefaultCacheAwareContextLoaderDelegate - Retrieved ApplicationContext [2070800403] from cache with key [[MergedContextConfiguration@101b294a testClass = SdsAccessTokenProviderTest, locations = '{}', classes = '{}', contextInitializerClasses = '[]', activeProfiles = '{}', propertySourceLocations = '{}', propertySourceProperties = '{}', contextCustomizers = set[org.springframework.boot.test.autoconfigure.properties.PropertyMappingContextCustomizer@0, org.springframework.boot.test.autoconfigure.web.servlet.WebDriverContextCustomizerFactory$Customizer@14bb3ebe, org.springframework.boot.test.context.filter.ExcludeFilterContextCustomizer@167afcd1, org.springframework.boot.test.json.DuplicateJsonObjectContextCustomizerFactory$DuplicateJsonObjectContextCustomizer@137831ea, org.springframework.boot.test.mock.mockito.MockitoContextCustomizer@0], contextLoader = 'org.springframework.test.context.support.DelegatingSmartContextLoader', parent = [null]]]
14:14:46.212 [Test worker] DEBUG org.springframework.test.context.cache - Spring test ApplicationContext cache statistics: [DefaultContextCache@1d30fdbe size = 1, maxSize = 32, parentContextCount = 0, hitCount = 49, missCount = 1]
14:14:46.212 [Test worker] DEBUG org.springframework.test.context.cache.DefaultCacheAwareContextLoaderDelegate - Retrieved ApplicationContext [2070800403] from cache with key [[MergedContextConfiguration@101b294a testClass = SdsAccessTokenProviderTest, locations = '{}', classes = '{}', contextInitializerClasses = '[]', activeProfiles = '{}', propertySourceLocations = '{}', propertySourceProperties = '{}', contextCustomizers = set[org.springframework.boot.test.autoconfigure.properties.PropertyMappingContextCustomizer@0, org.springframework.boot.test.autoconfigure.web.servlet.WebDriverContextCustomizerFactory$Customizer@14bb3ebe, org.springframework.boot.test.context.filter.ExcludeFilterContextCustomizer@167afcd1, org.springframework.boot.test.json.DuplicateJsonObjectContextCustomizerFactory$DuplicateJsonObjectContextCustomizer@137831ea, org.springframework.boot.test.mock.mockito.MockitoContextCustomizer@0], contextLoader = 'org.springframework.test.context.support.DelegatingSmartContextLoader', parent = [null]]]
14:14:46.213 [Test worker] DEBUG org.springframework.test.context.cache - Spring test ApplicationContext cache statistics: [DefaultContextCache@1d30fdbe size = 1, maxSize = 32, parentContextCount = 0, hitCount = 50, missCount = 1]
14:14:46.213 [Test worker] DEBUG org.springframework.test.context.cache.DefaultCacheAwareContextLoaderDelegate - Retrieved ApplicationContext [2070800403] from cache with key [[MergedContextConfiguration@101b294a testClass = SdsAccessTokenProviderTest, locations = '{}', classes = '{}', contextInitializerClasses = '[]', activeProfiles = '{}', propertySourceLocations = '{}', propertySourceProperties = '{}', contextCustomizers = set[org.springframework.boot.test.autoconfigure.properties.PropertyMappingContextCustomizer@0, org.springframework.boot.test.autoconfigure.web.servlet.WebDriverContextCustomizerFactory$Customizer@14bb3ebe, org.springframework.boot.test.context.filter.ExcludeFilterContextCustomizer@167afcd1, org.springframework.boot.test.json.DuplicateJsonObjectContextCustomizerFactory$DuplicateJsonObjectContextCustomizer@137831ea, org.springframework.boot.test.mock.mockito.MockitoContextCustomizer@0], contextLoader = 'org.springframework.test.context.support.DelegatingSmartContextLoader', parent = [null]]]
14:14:46.213 [Test worker] DEBUG org.springframework.test.context.cache - Spring test ApplicationContext cache statistics: [DefaultContextCache@1d30fdbe size = 1, maxSize = 32, parentContextCount = 0, hitCount = 51, missCount = 1]
14:14:46.214 [Test worker] DEBUG org.springframework.test.context.support.AbstractDirtiesContextTestExecutionListener - After test method: context [DefaultTestContext@370ad795 testClass = SdsAccessTokenProviderTest, testInstance = ru.webfluxExample.ds.template.selector.service.SdsAccessTokenProviderTest@2878b99, testMethod = shouldFailWithInvalidTokenCheck@SdsAccessTokenProviderTest, testException = [null], mergedContextConfiguration = [MergedContextConfiguration@101b294a testClass = SdsAccessTokenProviderTest, locations = '{}', classes = '{}', contextInitializerClasses = '[]', activeProfiles = '{}', propertySourceLocations = '{}', propertySourceProperties = '{}', contextCustomizers = set[org.springframework.boot.test.autoconfigure.properties.PropertyMappingContextCustomizer@0, org.springframework.boot.test.autoconfigure.web.servlet.WebDriverContextCustomizerFactory$Customizer@14bb3ebe, org.springframework.boot.test.context.filter.ExcludeFilterContextCustomizer@167afcd1, org.springframework.boot.test.json.DuplicateJsonObjectContextCustomizerFactory$DuplicateJsonObjectContextCustomizer@137831ea, org.springframework.boot.test.mock.mockito.MockitoContextCustomizer@0], contextLoader = 'org.springframework.test.context.support.DelegatingSmartContextLoader', parent = [null]], attributes = map[[empty]]], class annotated with @DirtiesContext [false] with mode [null], method annotated with @DirtiesContext [false] with mode [null].
14:14:46.214 [Test worker] DEBUG org.springframework.test.context.support.AbstractDirtiesContextTestExecutionListener - Before test method: context [DefaultTestContext@370ad795 testClass = SdsAccessTokenProviderTest, testInstance = ru.webfluxExample.ds.template.selector.service.SdsAccessTokenProviderTest@2878b99, testMethod = checkAccessToken@SdsAccessTokenProviderTest, testException = [null], mergedContextConfiguration = [MergedContextConfiguration@101b294a testClass = SdsAccessTokenProviderTest, locations = '{}', classes = '{}', contextInitializerClasses = '[]', activeProfiles = '{}', propertySourceLocations = '{}', propertySourceProperties = '{}', contextCustomizers = set[org.springframework.boot.test.autoconfigure.properties.PropertyMappingContextCustomizer@0, org.springframework.boot.test.autoconfigure.web.servlet.WebDriverContextCustomizerFactory$Customizer@14bb3ebe, org.springframework.boot.test.context.filter.ExcludeFilterContextCustomizer@167afcd1, org.springframework.boot.test.json.DuplicateJsonObjectContextCustomizerFactory$DuplicateJsonObjectContextCustomizer@137831ea, org.springframework.boot.test.mock.mockito.MockitoContextCustomizer@0], contextLoader = 'org.springframework.test.context.support.DelegatingSmartContextLoader', parent = [null]], attributes = map[[empty]]], class annotated with @DirtiesContext [false] with mode [null], method annotated with @DirtiesContext [false] with mode [null].
14:14:46.215 [Test worker] DEBUG org.springframework.test.context.cache.DefaultCacheAwareContextLoaderDelegate - Retrieved ApplicationContext [2070800403] from cache with key [[MergedContextConfiguration@101b294a testClass = SdsAccessTokenProviderTest, locations = '{}', classes = '{}', contextInitializerClasses = '[]', activeProfiles = '{}', propertySourceLocations = '{}', propertySourceProperties = '{}', contextCustomizers = set[org.springframework.boot.test.autoconfigure.properties.PropertyMappingContextCustomizer@0, org.springframework.boot.test.autoconfigure.web.servlet.WebDriverContextCustomizerFactory$Customizer@14bb3ebe, org.springframework.boot.test.context.filter.ExcludeFilterContextCustomizer@167afcd1, org.springframework.boot.test.json.DuplicateJsonObjectContextCustomizerFactory$DuplicateJsonObjectContextCustomizer@137831ea, org.springframework.boot.test.mock.mockito.MockitoContextCustomizer@0], contextLoader = 'org.springframework.test.context.support.DelegatingSmartContextLoader', parent = [null]]]
14:14:46.215 [Test worker] DEBUG org.springframework.test.context.cache - Spring test ApplicationContext cache statistics: [DefaultContextCache@1d30fdbe size = 1, maxSize = 32, parentContextCount = 0, hitCount = 52, missCount = 1]
14:14:46.215 [Test worker] DEBUG org.springframework.test.context.cache.DefaultCacheAwareContextLoaderDelegate - Retrieved ApplicationContext [2070800403] from cache with key [[MergedContextConfiguration@101b294a testClass = SdsAccessTokenProviderTest, locations = '{}', classes = '{}', contextInitializerClasses = '[]', activeProfiles = '{}', propertySourceLocations = '{}', propertySourceProperties = '{}', contextCustomizers = set[org.springframework.boot.test.autoconfigure.properties.PropertyMappingContextCustomizer@0, org.springframework.boot.test.autoconfigure.web.servlet.WebDriverContextCustomizerFactory$Customizer@14bb3ebe, org.springframework.boot.test.context.filter.ExcludeFilterContextCustomizer@167afcd1, org.springframework.boot.test.json.DuplicateJsonObjectContextCustomizerFactory$DuplicateJsonObjectContextCustomizer@137831ea, org.springframework.boot.test.mock.mockito.MockitoContextCustomizer@0], contextLoader = 'org.springframework.test.context.support.DelegatingSmartContextLoader', parent = [null]]]
14:14:46.216 [Test worker] DEBUG org.springframework.test.context.cache - Spring test ApplicationContext cache statistics: [DefaultContextCache@1d30fdbe size = 1, maxSize = 32, parentContextCount = 0, hitCount = 53, missCount = 1]
14:14:46.216 [Test worker] DEBUG org.springframework.test.context.cache.DefaultCacheAwareContextLoaderDelegate - Retrieved ApplicationContext [2070800403] from cache with key [[MergedContextConfiguration@101b294a testClass = SdsAccessTokenProviderTest, locations = '{}', classes = '{}', contextInitializerClasses = '[]', activeProfiles = '{}', propertySourceLocations = '{}', propertySourceProperties = '{}', contextCustomizers = set[org.springframework.boot.test.autoconfigure.properties.PropertyMappingContextCustomizer@0, org.springframework.boot.test.autoconfigure.web.servlet.WebDriverContextCustomizerFactory$Customizer@14bb3ebe, org.springframework.boot.test.context.filter.ExcludeFilterContextCustomizer@167afcd1, org.springframework.boot.test.json.DuplicateJsonObjectContextCustomizerFactory$DuplicateJsonObjectContextCustomizer@137831ea, org.springframework.boot.test.mock.mockito.MockitoContextCustomizer@0], contextLoader = 'org.springframework.test.context.support.DelegatingSmartContextLoader', parent = [null]]]
14:14:46.216 [Test worker] DEBUG org.springframework.test.context.cache - Spring test ApplicationContext cache statistics: [DefaultContextCache@1d30fdbe size = 1, maxSize = 32, parentContextCount = 0, hitCount = 54, missCount = 1]
14:14:46.298 [Test worker] DEBUG org.springframework.web.reactive.function.client.ExchangeFunctions - [525f2206] HTTP POST http://localhost:55610/auth-server/oauth/token?token=accessToken
14:14:46.298 [reactor-http-nio-1] DEBUG reactor.netty.resources.PooledConnectionProvider - [id: 0x5cc70386, L:/127.0.0.1:54808 - R:localhost/127.0.0.1:55610] Channel acquired, now 1 active connections and 0 inactive connections
14:14:46.298 [reactor-http-nio-1] DEBUG reactor.netty.http.client.HttpClientConnect - [id: 0x5cc70386, L:/127.0.0.1:54808 - R:localhost/127.0.0.1:55610] Handler is being applied: {uri=http://localhost:55610/auth-server/oauth/token?token=accessToken, method=POST}
14:14:46.299 [reactor-http-nio-1] DEBUG reactor.netty.resources.PooledConnectionProvider - [id: 0x5cc70386, L:/127.0.0.1:54808 - R:localhost/127.0.0.1:55610] onStateChange(POST{uri=/auth-server/oauth/token?token=accessToken, connection=PooledConnection{channel=[id: 0x5cc70386, L:/127.0.0.1:54808 - R:localhost/127.0.0.1:55610]}}, [request_prepared])
14:14:46.300 [reactor-http-nio-1] DEBUG reactor.netty.resources.PooledConnectionProvider - [id: 0x5cc70386, L:/127.0.0.1:54808 - R:localhost/127.0.0.1:55610] onStateChange(POST{uri=/auth-server/oauth/token?token=accessToken, connection=PooledConnection{channel=[id: 0x5cc70386, L:/127.0.0.1:54808 - R:localhost/127.0.0.1:55610]}}, [request_sent])
14:14:46.301 [reactor-http-nio-1] DEBUG reactor.netty.http.client.HttpClientOperations - [id: 0x5cc70386, L:/127.0.0.1:54808 - R:localhost/127.0.0.1:55610] Received response (auto-read:false) : [Content-Length=296, Content-Type=application/json]
14:14:46.301 [reactor-http-nio-1] DEBUG reactor.netty.resources.PooledConnectionProvider - [id: 0x5cc70386, L:/127.0.0.1:54808 - R:localhost/127.0.0.1:55610] onStateChange(POST{uri=/auth-server/oauth/token?token=accessToken, connection=PooledConnection{channel=[id: 0x5cc70386, L:/127.0.0.1:54808 - R:localhost/127.0.0.1:55610]}}, [response_received])
14:14:46.302 [reactor-http-nio-1] DEBUG org.springframework.web.reactive.function.client.ExchangeFunctions - [525f2206] Response 200 OK
14:14:46.306 [reactor-http-nio-1] DEBUG reactor.netty.channel.FluxReceive - [id: 0x5cc70386, L:/127.0.0.1:54808 - R:localhost/127.0.0.1:55610] FluxReceive{pending=0, cancelled=false, inboundDone=false, inboundError=null}: subscribing inbound receiver
14:14:46.306 [reactor-http-nio-1] DEBUG reactor.netty.http.client.HttpClientOperations - [id: 0x5cc70386, L:/127.0.0.1:54808 - R:localhost/127.0.0.1:55610] Received last HTTP packet
14:14:46.307 [reactor-http-nio-1] DEBUG org.springframework.http.codec.json.Jackson2JsonDecoder - [525f2206] Decoded [AccessToken(username=service, scope=[service], isActive=true, expiration=1609235798, authorities=[AP (truncated)...]
14:14:46.307 [reactor-http-nio-1] DEBUG reactor.netty.resources.PooledConnectionProvider - [id: 0x5cc70386, L:/127.0.0.1:54808 - R:localhost/127.0.0.1:55610] onStateChange(POST{uri=/auth-server/oauth/token?token=accessToken, connection=PooledConnection{channel=[id: 0x5cc70386, L:/127.0.0.1:54808 - R:localhost/127.0.0.1:55610]}}, [response_completed])
14:14:46.307 [reactor-http-nio-1] DEBUG reactor.netty.resources.PooledConnectionProvider - [id: 0x5cc70386, L:/127.0.0.1:54808 - R:localhost/127.0.0.1:55610] onStateChange(POST{uri=/auth-server/oauth/token?token=accessToken, connection=PooledConnection{channel=[id: 0x5cc70386, L:/127.0.0.1:54808 - R:localhost/127.0.0.1:55610]}}, [disconnecting])
14:14:46.307 [reactor-http-nio-1] DEBUG reactor.netty.resources.PooledConnectionProvider - [id: 0x5cc70386, L:/127.0.0.1:54808 - R:localhost/127.0.0.1:55610] Releasing channel
14:14:46.307 [reactor-http-nio-1] DEBUG reactor.netty.resources.PooledConnectionProvider - [id: 0x5cc70386, L:/127.0.0.1:54808 - R:localhost/127.0.0.1:55610] Channel cleaned, now 0 active connections and 1 inactive connections
14:14:46.307 [Test worker] DEBUG org.springframework.test.context.cache.DefaultCacheAwareContextLoaderDelegate - Retrieved ApplicationContext [2070800403] from cache with key [[MergedContextConfiguration@101b294a testClass = SdsAccessTokenProviderTest, locations = '{}', classes = '{}', contextInitializerClasses = '[]', activeProfiles = '{}', propertySourceLocations = '{}', propertySourceProperties = '{}', contextCustomizers = set[org.springframework.boot.test.autoconfigure.properties.PropertyMappingContextCustomizer@0, org.springframework.boot.test.autoconfigure.web.servlet.WebDriverContextCustomizerFactory$Customizer@14bb3ebe, org.springframework.boot.test.context.filter.ExcludeFilterContextCustomizer@167afcd1, org.springframework.boot.test.json.DuplicateJsonObjectContextCustomizerFactory$DuplicateJsonObjectContextCustomizer@137831ea, org.springframework.boot.test.mock.mockito.MockitoContextCustomizer@0], contextLoader = 'org.springframework.test.context.support.DelegatingSmartContextLoader', parent = [null]]]
14:14:46.307 [Test worker] DEBUG org.springframework.test.context.cache - Spring test ApplicationContext cache statistics: [DefaultContextCache@1d30fdbe size = 1, maxSize = 32, parentContextCount = 0, hitCount = 55, missCount = 1]
14:14:46.307 [Test worker] DEBUG org.springframework.test.context.cache.DefaultCacheAwareContextLoaderDelegate - Retrieved ApplicationContext [2070800403] from cache with key [[MergedContextConfiguration@101b294a testClass = SdsAccessTokenProviderTest, locations = '{}', classes = '{}', contextInitializerClasses = '[]', activeProfiles = '{}', propertySourceLocations = '{}', propertySourceProperties = '{}', contextCustomizers = set[org.springframework.boot.test.autoconfigure.properties.PropertyMappingContextCustomizer@0, org.springframework.boot.test.autoconfigure.web.servlet.WebDriverContextCustomizerFactory$Customizer@14bb3ebe, org.springframework.boot.test.context.filter.ExcludeFilterContextCustomizer@167afcd1, org.springframework.boot.test.json.DuplicateJsonObjectContextCustomizerFactory$DuplicateJsonObjectContextCustomizer@137831ea, org.springframework.boot.test.mock.mockito.MockitoContextCustomizer@0], contextLoader = 'org.springframework.test.context.support.DelegatingSmartContextLoader', parent = [null]]]
14:14:46.308 [Test worker] DEBUG org.springframework.test.context.cache - Spring test ApplicationContext cache statistics: [DefaultContextCache@1d30fdbe size = 1, maxSize = 32, parentContextCount = 0, hitCount = 56, missCount = 1]
14:14:46.308 [Test worker] DEBUG org.springframework.test.context.cache.DefaultCacheAwareContextLoaderDelegate - Retrieved ApplicationContext [2070800403] from cache with key [[MergedContextConfiguration@101b294a testClass = SdsAccessTokenProviderTest, locations = '{}', classes = '{}', contextInitializerClasses = '[]', activeProfiles = '{}', propertySourceLocations = '{}', propertySourceProperties = '{}', contextCustomizers = set[org.springframework.boot.test.autoconfigure.properties.PropertyMappingContextCustomizer@0, org.springframework.boot.test.autoconfigure.web.servlet.WebDriverContextCustomizerFactory$Customizer@14bb3ebe, org.springframework.boot.test.context.filter.ExcludeFilterContextCustomizer@167afcd1, org.springframework.boot.test.json.DuplicateJsonObjectContextCustomizerFactory$DuplicateJsonObjectContextCustomizer@137831ea, org.springframework.boot.test.mock.mockito.MockitoContextCustomizer@0], contextLoader = 'org.springframework.test.context.support.DelegatingSmartContextLoader', parent = [null]]]
14:14:46.308 [Test worker] DEBUG org.springframework.test.context.cache - Spring test ApplicationContext cache statistics: [DefaultContextCache@1d30fdbe size = 1, maxSize = 32, parentContextCount = 0, hitCount = 57, missCount = 1]
14:14:46.309 [Test worker] DEBUG org.springframework.test.context.cache.DefaultCacheAwareContextLoaderDelegate - Retrieved ApplicationContext [2070800403] from cache with key [[MergedContextConfiguration@101b294a testClass = SdsAccessTokenProviderTest, locations = '{}', classes = '{}', contextInitializerClasses = '[]', activeProfiles = '{}', propertySourceLocations = '{}', propertySourceProperties = '{}', contextCustomizers = set[org.springframework.boot.test.autoconfigure.properties.PropertyMappingContextCustomizer@0, org.springframework.boot.test.autoconfigure.web.servlet.WebDriverContextCustomizerFactory$Customizer@14bb3ebe, org.springframework.boot.test.context.filter.ExcludeFilterContextCustomizer@167afcd1, org.springframework.boot.test.json.DuplicateJsonObjectContextCustomizerFactory$DuplicateJsonObjectContextCustomizer@137831ea, org.springframework.boot.test.mock.mockito.MockitoContextCustomizer@0], contextLoader = 'org.springframework.test.context.support.DelegatingSmartContextLoader', parent = [null]]]
14:14:46.309 [Test worker] DEBUG org.springframework.test.context.cache - Spring test ApplicationContext cache statistics: [DefaultContextCache@1d30fdbe size = 1, maxSize = 32, parentContextCount = 0, hitCount = 58, missCount = 1]
14:14:46.309 [Test worker] DEBUG org.springframework.test.context.cache.DefaultCacheAwareContextLoaderDelegate - Retrieved ApplicationContext [2070800403] from cache with key [[MergedContextConfiguration@101b294a testClass = SdsAccessTokenProviderTest, locations = '{}', classes = '{}', contextInitializerClasses = '[]', activeProfiles = '{}', propertySourceLocations = '{}', propertySourceProperties = '{}', contextCustomizers = set[org.springframework.boot.test.autoconfigure.properties.PropertyMappingContextCustomizer@0, org.springframework.boot.test.autoconfigure.web.servlet.WebDriverContextCustomizerFactory$Customizer@14bb3ebe, org.springframework.boot.test.context.filter.ExcludeFilterContextCustomizer@167afcd1, org.springframework.boot.test.json.DuplicateJsonObjectContextCustomizerFactory$DuplicateJsonObjectContextCustomizer@137831ea, org.springframework.boot.test.mock.mockito.MockitoContextCustomizer@0], contextLoader = 'org.springframework.test.context.support.DelegatingSmartContextLoader', parent = [null]]]
14:14:46.309 [Test worker] DEBUG org.springframework.test.context.cache - Spring test ApplicationContext cache statistics: [DefaultContextCache@1d30fdbe size = 1, maxSize = 32, parentContextCount = 0, hitCount = 59, missCount = 1]
14:14:46.310 [Test worker] DEBUG org.springframework.test.context.cache.DefaultCacheAwareContextLoaderDelegate - Retrieved ApplicationContext [2070800403] from cache with key [[MergedContextConfiguration@101b294a testClass = SdsAccessTokenProviderTest, locations = '{}', classes = '{}', contextInitializerClasses = '[]', activeProfiles = '{}', propertySourceLocations = '{}', propertySourceProperties = '{}', contextCustomizers = set[org.springframework.boot.test.autoconfigure.properties.PropertyMappingContextCustomizer@0, org.springframework.boot.test.autoconfigure.web.servlet.WebDriverContextCustomizerFactory$Customizer@14bb3ebe, org.springframework.boot.test.context.filter.ExcludeFilterContextCustomizer@167afcd1, org.springframework.boot.test.json.DuplicateJsonObjectContextCustomizerFactory$DuplicateJsonObjectContextCustomizer@137831ea, org.springframework.boot.test.mock.mockito.MockitoContextCustomizer@0], contextLoader = 'org.springframework.test.context.support.DelegatingSmartContextLoader', parent = [null]]]
14:14:46.310 [Test worker] DEBUG org.springframework.test.context.cache - Spring test ApplicationContext cache statistics: [DefaultContextCache@1d30fdbe size = 1, maxSize = 32, parentContextCount = 0, hitCount = 60, missCount = 1]
14:14:46.311 [Test worker] DEBUG org.springframework.test.context.support.AbstractDirtiesContextTestExecutionListener - After test method: context [DefaultTestContext@370ad795 testClass = SdsAccessTokenProviderTest, testInstance = ru.webfluxExample.ds.template.selector.service.SdsAccessTokenProviderTest@2878b99, testMethod = checkAccessToken@SdsAccessTokenProviderTest, testException = [null], mergedContextConfiguration = [MergedContextConfiguration@101b294a testClass = SdsAccessTokenProviderTest, locations = '{}', classes = '{}', contextInitializerClasses = '[]', activeProfiles = '{}', propertySourceLocations = '{}', propertySourceProperties = '{}', contextCustomizers = set[org.springframework.boot.test.autoconfigure.properties.PropertyMappingContextCustomizer@0, org.springframework.boot.test.autoconfigure.web.servlet.WebDriverContextCustomizerFactory$Customizer@14bb3ebe, org.springframework.boot.test.context.filter.ExcludeFilterContextCustomizer@167afcd1, org.springframework.boot.test.json.DuplicateJsonObjectContextCustomizerFactory$DuplicateJsonObjectContextCustomizer@137831ea, org.springframework.boot.test.mock.mockito.MockitoContextCustomizer@0], contextLoader = 'org.springframework.test.context.support.DelegatingSmartContextLoader', parent = [null]], attributes = map[[empty]]], class annotated with @DirtiesContext [false] with mode [null], method annotated with @DirtiesContext [false] with mode [null].
14:14:46.314 [Test worker] DEBUG org.springframework.test.context.cache.DefaultCacheAwareContextLoaderDelegate - Retrieved ApplicationContext [2070800403] from cache with key [[MergedContextConfiguration@101b294a testClass = SdsAccessTokenProviderTest, locations = '{}', classes = '{}', contextInitializerClasses = '[]', activeProfiles = '{}', propertySourceLocations = '{}', propertySourceProperties = '{}', contextCustomizers = set[org.springframework.boot.test.autoconfigure.properties.PropertyMappingContextCustomizer@0, org.springframework.boot.test.autoconfigure.web.servlet.WebDriverContextCustomizerFactory$Customizer@14bb3ebe, org.springframework.boot.test.context.filter.ExcludeFilterContextCustomizer@167afcd1, org.springframework.boot.test.json.DuplicateJsonObjectContextCustomizerFactory$DuplicateJsonObjectContextCustomizer@137831ea, org.springframework.boot.test.mock.mockito.MockitoContextCustomizer@0], contextLoader = 'org.springframework.test.context.support.DelegatingSmartContextLoader', parent = [null]]]
14:14:46.314 [Test worker] DEBUG org.springframework.test.context.cache - Spring test ApplicationContext cache statistics: [DefaultContextCache@1d30fdbe size = 1, maxSize = 32, parentContextCount = 0, hitCount = 61, missCount = 1]
14:14:46.314 [Test worker] DEBUG org.springframework.test.context.support.AbstractDirtiesContextTestExecutionListener - After test class: context [DefaultTestContext@370ad795 testClass = SdsAccessTokenProviderTest, testInstance = [null], testMethod = [null], testException = [null], mergedContextConfiguration = [MergedContextConfiguration@101b294a testClass = SdsAccessTokenProviderTest, locations = '{}', classes = '{}', contextInitializerClasses = '[]', activeProfiles = '{}', propertySourceLocations = '{}', propertySourceProperties = '{}', contextCustomizers = set[org.springframework.boot.test.autoconfigure.properties.PropertyMappingContextCustomizer@0, org.springframework.boot.test.autoconfigure.web.servlet.WebDriverContextCustomizerFactory$Customizer@14bb3ebe, org.springframework.boot.test.context.filter.ExcludeFilterContextCustomizer@167afcd1, org.springframework.boot.test.json.DuplicateJsonObjectContextCustomizerFactory$DuplicateJsonObjectContextCustomizer@137831ea, org.springframework.boot.test.mock.mockito.MockitoContextCustomizer@0], contextLoader = 'org.springframework.test.context.support.DelegatingSmartContextLoader', parent = [null]], attributes = map[[empty]]], class annotated with @DirtiesContext [false] with mode [null].
]]></system-out>
  <system-err><![CDATA[янв. 14, 2021 2:14:46 PM okhttp3.mockwebserver.MockWebServer$3 acceptConnections
INFO: MockWebServer[55610] done accepting connections: Socket closed
]]></system-err>
</testsuite>
