<?xml version="1.0" encoding="UTF-8"?>
<testsuite name="ru.webfluxExample.ds.template.selector.MlrSdsIntegrationTestContextLoad" tests="1" skipped="0" failures="0" errors="0" timestamp="2021-01-14T11:14:49" hostname="CAB-WSM-0010709" time="0.007">
  <properties/>
  <testcase name="contextLoads()" classname="ru.webfluxExample.ds.template.selector.MlrSdsIntegrationTestContextLoad" time="0.007"/>
  <system-out><![CDATA[14:14:46.441 [Test worker] DEBUG org.springframework.test.context.BootstrapUtils - Instantiating CacheAwareContextLoaderDelegate from class [org.springframework.test.context.cache.DefaultCacheAwareContextLoaderDelegate]
14:14:46.441 [Test worker] DEBUG org.springframework.test.context.BootstrapUtils - Instantiating BootstrapContext using constructor [public org.springframework.test.context.support.DefaultBootstrapContext(java.lang.Class,org.springframework.test.context.CacheAwareContextLoaderDelegate)]
14:14:46.446 [Test worker] DEBUG org.springframework.test.context.BootstrapUtils - Instantiating TestContextBootstrapper for test class [ru.webfluxExample.ds.template.selector.MlrSdsIntegrationTestContextLoad] from class [org.springframework.boot.test.context.SpringBootTestContextBootstrapper]
14:14:46.450 [Test worker] INFO org.springframework.boot.test.context.SpringBootTestContextBootstrapper - Neither @ContextConfiguration nor @ContextHierarchy found for test class [ru.webfluxExample.ds.template.selector.MlrSdsIntegrationTestContextLoad], using SpringBootContextLoader
14:14:46.451 [Test worker] DEBUG org.springframework.test.context.support.AbstractContextLoader - Did not detect default resource location for test class [ru.webfluxExample.ds.template.selector.MlrSdsIntegrationTestContextLoad]: class path resource [ru/webfluxExample/ds/template/selector/MlrSdsIntegrationTestContextLoad-context.xml] does not exist
14:14:46.451 [Test worker] DEBUG org.springframework.test.context.support.AbstractContextLoader - Did not detect default resource location for test class [ru.webfluxExample.ds.template.selector.MlrSdsIntegrationTestContextLoad]: class path resource [ru/webfluxExample/ds/template/selector/MlrSdsIntegrationTestContextLoadContext.groovy] does not exist
14:14:46.451 [Test worker] INFO org.springframework.test.context.support.AbstractContextLoader - Could not detect default resource locations for test class [ru.webfluxExample.ds.template.selector.MlrSdsIntegrationTestContextLoad]: no resource found for suffixes {-context.xml, Context.groovy}.
14:14:46.451 [Test worker] INFO org.springframework.test.context.support.AnnotationConfigContextLoaderUtils - Could not detect default configuration classes for test class [ru.webfluxExample.ds.template.selector.MlrSdsIntegrationTestContextLoad]: MlrSdsIntegrationTestContextLoad does not declare any static, non-private, non-final, nested classes annotated with @Configuration.
14:14:46.454 [Test worker] DEBUG org.springframework.test.context.support.ActiveProfilesUtils - Could not find an 'annotation declaring class' for annotation type [org.springframework.test.context.ActiveProfiles] and class [ru.webfluxExample.ds.template.selector.MlrSdsIntegrationTestContextLoad]
14:14:46.503 [Test worker] DEBUG org.springframework.context.annotation.ClassPathScanningCandidateComponentProvider - Identified candidate component class: file [/Users/a18851892/IdeaProjects/sds-template-selector-service/build/classes/java/main/ru/webfluxExample/ds/template/selector/MlrSdsIntegrationServiceApplication.class]
14:14:46.504 [Test worker] INFO org.springframework.boot.test.context.SpringBootTestContextBootstrapper - Found @SpringBootConfiguration ru.webfluxExample.ds.template.selector.MlrSdsIntegrationServiceApplication for test class ru.webfluxExample.ds.template.selector.MlrSdsIntegrationTestContextLoad
14:14:46.590 [Test worker] DEBUG org.springframework.boot.test.context.SpringBootTestContextBootstrapper - @TestExecutionListeners is not present for class [ru.webfluxExample.ds.template.selector.MlrSdsIntegrationTestContextLoad]: using defaults.
14:14:46.590 [Test worker] INFO org.springframework.boot.test.context.SpringBootTestContextBootstrapper - Loaded default TestExecutionListener class names from location [META-INF/spring.factories]: [org.springframework.boot.test.autoconfigure.restdocs.RestDocsTestExecutionListener, org.springframework.boot.test.autoconfigure.web.client.MockRestServiceServerResetTestExecutionListener, org.springframework.boot.test.autoconfigure.web.servlet.MockMvcPrintOnlyOnFailureTestExecutionListener, org.springframework.boot.test.autoconfigure.web.servlet.WebDriverTestExecutionListener, org.springframework.boot.test.autoconfigure.webservices.client.MockWebServiceServerTestExecutionListener, org.springframework.boot.test.mock.mockito.MockitoTestExecutionListener, org.springframework.boot.test.mock.mockito.ResetMocksTestExecutionListener, org.springframework.test.context.web.ServletTestExecutionListener, org.springframework.test.context.support.DirtiesContextBeforeModesTestExecutionListener, org.springframework.test.context.support.DependencyInjectionTestExecutionListener, org.springframework.test.context.support.DirtiesContextTestExecutionListener, org.springframework.test.context.transaction.TransactionalTestExecutionListener, org.springframework.test.context.jdbc.SqlScriptsTestExecutionListener, org.springframework.test.context.event.EventPublishingTestExecutionListener]
14:14:46.591 [Test worker] DEBUG org.springframework.boot.test.context.SpringBootTestContextBootstrapper - Skipping candidate TestExecutionListener [org.springframework.test.context.web.ServletTestExecutionListener] due to a missing dependency. Specify custom listener classes or make the default listener classes and their required dependencies available. Offending class: [javax/servlet/ServletContext]
14:14:46.591 [Test worker] INFO org.springframework.boot.test.context.SpringBootTestContextBootstrapper - Using TestExecutionListeners: [org.springframework.test.context.support.DirtiesContextBeforeModesTestExecutionListener@7d02c64c, org.springframework.boot.test.mock.mockito.MockitoTestExecutionListener@57af630c, org.springframework.boot.test.autoconfigure.SpringBootDependencyInjectionTestExecutionListener@5f8866bc, org.springframework.test.context.support.DirtiesContextTestExecutionListener@17aa19d1, org.springframework.test.context.transaction.TransactionalTestExecutionListener@7c719dce, org.springframework.test.context.jdbc.SqlScriptsTestExecutionListener@50ea264f, org.springframework.test.context.event.EventPublishingTestExecutionListener@4c4b1768, org.springframework.boot.test.autoconfigure.restdocs.RestDocsTestExecutionListener@be8eba1, org.springframework.boot.test.autoconfigure.web.client.MockRestServiceServerResetTestExecutionListener@7b8788ff, org.springframework.boot.test.autoconfigure.web.servlet.MockMvcPrintOnlyOnFailureTestExecutionListener@7a5e019e, org.springframework.boot.test.autoconfigure.web.servlet.WebDriverTestExecutionListener@6ebaa9ea, org.springframework.boot.test.autoconfigure.webservices.client.MockWebServiceServerTestExecutionListener@22c3f27f, org.springframework.boot.test.mock.mockito.ResetMocksTestExecutionListener@654456a8]
14:14:46.592 [Test worker] DEBUG org.springframework.test.context.support.AbstractDirtiesContextTestExecutionListener - Before test class: context [DefaultTestContext@6f9ce96f testClass = MlrSdsIntegrationTestContextLoad, testInstance = [null], testMethod = [null], testException = [null], mergedContextConfiguration = [ReactiveWebMergedContextConfiguration@54d2e88f testClass = MlrSdsIntegrationTestContextLoad, locations = '{}', classes = '{class ru.webfluxExample.ds.template.selector.MlrSdsIntegrationServiceApplication}', contextInitializerClasses = '[]', activeProfiles = '{}', propertySourceLocations = '{}', propertySourceProperties = '{org.springframework.boot.test.context.SpringBootTestContextBootstrapper=true}', contextCustomizers = set[org.springframework.boot.test.autoconfigure.properties.PropertyMappingContextCustomizer@0, org.springframework.boot.test.autoconfigure.web.servlet.WebDriverContextCustomizerFactory$Customizer@14bb3ebe, org.springframework.boot.test.context.filter.ExcludeFilterContextCustomizer@167afcd1, org.springframework.boot.test.json.DuplicateJsonObjectContextCustomizerFactory$DuplicateJsonObjectContextCustomizer@137831ea, org.springframework.boot.test.mock.mockito.MockitoContextCustomizer@0, org.springframework.boot.test.web.client.TestRestTemplateContextCustomizer@1d3e6766, org.springframework.boot.test.web.reactive.server.WebTestClientContextCustomizer@221ef1ed, org.springframework.boot.test.context.SpringBootTestArgs@1], contextLoader = 'org.springframework.boot.test.context.SpringBootContextLoader', parent = [null]], attributes = map[[empty]]], class annotated with @DirtiesContext [false] with mode [null].
14:14:46.592 [Test worker] DEBUG org.springframework.test.context.support.DependencyInjectionTestExecutionListener - Performing dependency injection for test context [[DefaultTestContext@6f9ce96f testClass = MlrSdsIntegrationTestContextLoad, testInstance = ru.webfluxExample.ds.template.selector.MlrSdsIntegrationTestContextLoad@2e0942f9, testMethod = [null], testException = [null], mergedContextConfiguration = [ReactiveWebMergedContextConfiguration@54d2e88f testClass = MlrSdsIntegrationTestContextLoad, locations = '{}', classes = '{class ru.webfluxExample.ds.template.selector.MlrSdsIntegrationServiceApplication}', contextInitializerClasses = '[]', activeProfiles = '{}', propertySourceLocations = '{}', propertySourceProperties = '{org.springframework.boot.test.context.SpringBootTestContextBootstrapper=true}', contextCustomizers = set[org.springframework.boot.test.autoconfigure.properties.PropertyMappingContextCustomizer@0, org.springframework.boot.test.autoconfigure.web.servlet.WebDriverContextCustomizerFactory$Customizer@14bb3ebe, org.springframework.boot.test.context.filter.ExcludeFilterContextCustomizer@167afcd1, org.springframework.boot.test.json.DuplicateJsonObjectContextCustomizerFactory$DuplicateJsonObjectContextCustomizer@137831ea, org.springframework.boot.test.mock.mockito.MockitoContextCustomizer@0, org.springframework.boot.test.web.client.TestRestTemplateContextCustomizer@1d3e6766, org.springframework.boot.test.web.reactive.server.WebTestClientContextCustomizer@221ef1ed, org.springframework.boot.test.context.SpringBootTestArgs@1], contextLoader = 'org.springframework.boot.test.context.SpringBootContextLoader', parent = [null]], attributes = map[[empty]]]].
14:14:46.612 [Test worker] DEBUG org.springframework.test.context.support.TestPropertySourceUtils - Adding inlined properties to environment: {spring.jmx.enabled=false, org.springframework.boot.test.context.SpringBootTestContextBootstrapper=true}

  .   ____          _            __ _ _
 /\\ / ___'_ __ _ _(_)_ __  __ _ \ \ \ \
( ( )\___ | '_ | '_| | '_ \/ _` | \ \ \ \
 \\/  ___)| |_)| | | | | || (_| |  ) ) ) )
  '  |____| .__|_| |_|_| |_\__, | / / / /
 =========|_|==============|___/=/_/_/_/
 :: Spring Boot ::        (v2.3.4.RELEASE)

2021-01-14 14:14:46.842  INFO 44026 --- [    Test worker] s.d.t.s.MlrSdsIntegrationTestContextLoad : Starting MlrSdsIntegrationTestContextLoad on CAB-WSM-0010709 with PID 44026 (started by a18851892 in /Users/a18851892/IdeaProjects/sds-template-selector-service)
2021-01-14 14:14:46.843  INFO 44026 --- [    Test worker] s.d.t.s.MlrSdsIntegrationTestContextLoad : No active profile set, falling back to default profiles: default
2021-01-14 14:14:48.002  INFO 44026 --- [    Test worker] trationDelegate$BeanPostProcessorChecker : Bean 'org.springframework.security.config.annotation.method.configuration.ReactiveMethodSecurityConfiguration' of type [org.springframework.security.config.annotation.method.configuration.ReactiveMethodSecurityConfiguration] is not eligible for getting processed by all BeanPostProcessors (for example: not eligible for auto-proxying)
2021-01-14 14:14:49.013  INFO 44026 --- [    Test worker] o.s.b.a.e.web.EndpointLinksResolver      : Exposing 2 endpoint(s) beneath base path '/actuator'
2021-01-14 14:14:49.697  INFO 44026 --- [    Test worker] s.d.t.s.MlrSdsIntegrationTestContextLoad : Started MlrSdsIntegrationTestContextLoad in 3.079 seconds (JVM running for 7.271)
]]></system-out>
  <system-err><![CDATA[]]></system-err>
</testsuite>
